DEBUG 2026-01-23 15:47:11,883 base 21432 33668 Asynchronous handler adapted for middleware whitenoise.middleware.WhiteNoiseMiddleware.
DEBUG 2026-01-23 15:47:11,891 proactor_events 21432 33668 Using proactor: IocpProactor
DEBUG 2026-01-23 15:51:51,415 base 14088 29468 Asynchronous handler adapted for middleware whitenoise.middleware.WhiteNoiseMiddleware.
DEBUG 2026-01-23 15:51:51,423 proactor_events 14088 29468 Using proactor: IocpProactor
DEBUG 2026-01-23 15:54:37,023 base 27424 22168 Asynchronous handler adapted for middleware whitenoise.middleware.WhiteNoiseMiddleware.
DEBUG 2026-01-23 15:54:37,031 proactor_events 27424 22168 Using proactor: IocpProactor
DEBUG 2026-01-23 15:58:42,277 base 6500 19832 Asynchronous handler adapted for middleware whitenoise.middleware.WhiteNoiseMiddleware.
DEBUG 2026-01-23 15:58:42,285 proactor_events 6500 19832 Using proactor: IocpProactor
DEBUG 2026-01-23 15:59:17,979 base 6712 484 Asynchronous handler adapted for middleware whitenoise.middleware.WhiteNoiseMiddleware.
DEBUG 2026-01-23 15:59:17,986 proactor_events 6712 484 Using proactor: IocpProactor
DEBUG 2026-01-23 16:00:58,949 base 27912 34568 Asynchronous handler adapted for middleware whitenoise.middleware.WhiteNoiseMiddleware.
DEBUG 2026-01-23 16:00:58,957 proactor_events 27912 34568 Using proactor: IocpProactor
DEBUG 2026-01-23 16:03:02,669 base 26172 30564 Asynchronous handler adapted for middleware whitenoise.middleware.WhiteNoiseMiddleware.
DEBUG 2026-01-23 16:03:02,678 proactor_events 26172 30564 Using proactor: IocpProactor
DEBUG 2026-01-23 16:03:27,881 proactor_events 26172 34668 Using proactor: IocpProactor
DEBUG 2026-01-23 16:03:27,955 base 26172 34668 Exception while resolving variable 'keywords' in template 'index.html'.
Traceback (most recent call last):
  File "S:\miniconda3\envs\online_env\Lib\site-packages\django\utils\datastructures.py", line 84, in __getitem__
    list_ = super().__getitem__(key)
            ^^^^^^^^^^^^^^^^^^^^^^^^
KeyError: 'keywords'

During handling of the above exception, another exception occurred:

Traceback (most recent call last):
  File "S:\miniconda3\envs\online_env\Lib\site-packages\django\template\base.py", line 880, in _resolve_lookup
    current = current[bit]
              ~~~~~~~^^^^^
  File "S:\miniconda3\envs\online_env\Lib\site-packages\django\utils\datastructures.py", line 86, in __getitem__
    raise MultiValueDictKeyError(key)
django.utils.datastructures.MultiValueDictKeyError: 'keywords'

During handling of the above exception, another exception occurred:

Traceback (most recent call last):
  File "S:\miniconda3\envs\online_env\Lib\site-packages\django\template\base.py", line 890, in _resolve_lookup
    current = getattr(current, bit)
              ^^^^^^^^^^^^^^^^^^^^^
AttributeError: 'QueryDict' object has no attribute 'keywords'

During handling of the above exception, another exception occurred:

Traceback (most recent call last):
  File "S:\miniconda3\envs\online_env\Lib\site-packages\django\template\base.py", line 896, in _resolve_lookup
    current = current[int(bit)]
                      ^^^^^^^^
ValueError: invalid literal for int() with base 10: 'keywords'

During handling of the above exception, another exception occurred:

Traceback (most recent call last):
  File "S:\miniconda3\envs\online_env\Lib\site-packages\django\template\base.py", line 903, in _resolve_lookup
    raise VariableDoesNotExist(
django.template.base.VariableDoesNotExist: Failed lookup for key [keywords] in <QueryDict: {}>
DEBUG 2026-01-23 16:03:28,075 utils 26172 34668 (0.000) SELECT "users_banner"."id", "users_banner"."image", "users_banner"."banner_url", "users_banner"."order", "users_banner"."add_time" FROM "users_banner" ORDER BY "users_banner"."order" DESC LIMIT 3; args=(); alias=default
DEBUG 2026-01-23 16:03:28,078 utils 26172 34668 (0.000) SELECT "courses_courseinfo"."id", "courses_courseinfo"."course_org_id", "courses_courseinfo"."teacher_id", "courses_courseinfo"."name", "courses_courseinfo"."image", "courses_courseinfo"."desc", "courses_courseinfo"."degree", "courses_courseinfo"."students", "courses_courseinfo"."learn_time", "courses_courseinfo"."category", "courses_courseinfo"."fav_nums", "courses_courseinfo"."click_nums", "courses_courseinfo"."detail", "courses_courseinfo"."is_banner", "courses_courseinfo"."before_know", "courses_courseinfo"."teacher_tell", "courses_courseinfo"."add_time", "courses_courseinfo"."notice" FROM "courses_courseinfo" WHERE "courses_courseinfo"."is_banner" ORDER BY "courses_courseinfo"."click_nums" DESC LIMIT 3; args=(); alias=default
DEBUG 2026-01-23 16:03:28,079 utils 26172 34668 (0.000) SELECT "courses_courseinfo"."id", "courses_courseinfo"."course_org_id", "courses_courseinfo"."teacher_id", "courses_courseinfo"."name", "courses_courseinfo"."image", "courses_courseinfo"."desc", "courses_courseinfo"."degree", "courses_courseinfo"."students", "courses_courseinfo"."learn_time", "courses_courseinfo"."category", "courses_courseinfo"."fav_nums", "courses_courseinfo"."click_nums", "courses_courseinfo"."detail", "courses_courseinfo"."is_banner", "courses_courseinfo"."before_know", "courses_courseinfo"."teacher_tell", "courses_courseinfo"."add_time", "courses_courseinfo"."notice" FROM "courses_courseinfo" ORDER BY "courses_courseinfo"."click_nums" DESC LIMIT 6; args=(); alias=default
DEBUG 2026-01-23 16:03:28,081 utils 26172 34668 (0.000) SELECT "organizations_organizationinfo"."id", "organizations_organizationinfo"."category", "organizations_organizationinfo"."city_id", "organizations_organizationinfo"."name", "organizations_organizationinfo"."image", "organizations_organizationinfo"."students", "organizations_organizationinfo"."address", "organizations_organizationinfo"."desc", "organizations_organizationinfo"."add_time", "organizations_organizationinfo"."is_authentication", "organizations_organizationinfo"."is_gold", "organizations_organizationinfo"."course_nums", "organizations_organizationinfo"."tag", "organizations_organizationinfo"."click_nums", "organizations_organizationinfo"."fav_nums" FROM "organizations_organizationinfo" ORDER BY "organizations_organizationinfo"."course_nums" DESC LIMIT 15; args=(); alias=default
DEBUG 2026-01-23 16:03:33,493 proactor_events 26172 29632 Using proactor: IocpProactor
DEBUG 2026-01-23 16:03:33,518 proactor_events 26172 16424 Using proactor: IocpProactor
DEBUG 2026-01-23 16:03:33,899 proactor_events 26172 30232 Using proactor: IocpProactor
DEBUG 2026-01-23 16:03:33,911 base 26172 17488 Exception while resolving variable 'name' in template 'unknown'.
Traceback (most recent call last):
  File "S:\miniconda3\envs\online_env\Lib\site-packages\asgiref\sync.py", line 534, in thread_handler
    raise exc_info[1]
  File "S:\miniconda3\envs\online_env\Lib\site-packages\django\core\handlers\exception.py", line 42, in inner
    response = await get_response(request)
               ^^^^^^^^^^^^^^^^^^^^^^^^^^^
  File "S:\miniconda3\envs\online_env\Lib\site-packages\django\core\handlers\base.py", line 235, in _get_response_async
    callback, callback_args, callback_kwargs = self.resolve_request(request)
                                               ^^^^^^^^^^^^^^^^^^^^^^^^^^^^^
  File "S:\miniconda3\envs\online_env\Lib\site-packages\django\core\handlers\base.py", line 313, in resolve_request
    resolver_match = resolver.resolve(request.path_info)
                     ^^^^^^^^^^^^^^^^^^^^^^^^^^^^^^^^^^^
  File "S:\miniconda3\envs\online_env\Lib\site-packages\django\urls\resolvers.py", line 702, in resolve
    raise Resolver404({"tried": tried, "path": new_path})
django.urls.exceptions.Resolver404: {'tried': [[<URLPattern '' [name='index']>], [<URLResolver <URLPattern list> (admin:admin) 'admin/'>], [<URLResolver <module 'organizations.urls' from 'S:\\SiteWorkspace\\online\\apps\\organizations\\urls.py'> (organizations:org) 'org/'>], [<URLResolver <module 'courses.urls' from 'S:\\SiteWorkspace\\online\\apps\\courses\\urls.py'> (courses:courses) 'courses/'>], [<URLResolver <module 'users.urls' from 'S:\\SiteWorkspace\\online\\apps\\users\\urls.py'> (users:users) 'users/'>], [<URLPattern '^media/(?P<path>.*)$'>]], 'path': 'favicon.ico'}

During handling of the above exception, another exception occurred:

Traceback (most recent call last):
  File "S:\miniconda3\envs\online_env\Lib\site-packages\django\template\base.py", line 880, in _resolve_lookup
    current = current[bit]
              ~~~~~~~^^^^^
TypeError: 'URLResolver' object is not subscriptable

During handling of the above exception, another exception occurred:

Traceback (most recent call last):
  File "S:\miniconda3\envs\online_env\Lib\site-packages\django\template\base.py", line 890, in _resolve_lookup
    current = getattr(current, bit)
              ^^^^^^^^^^^^^^^^^^^^^
AttributeError: 'URLResolver' object has no attribute 'name'

During handling of the above exception, another exception occurred:

Traceback (most recent call last):
  File "S:\miniconda3\envs\online_env\Lib\site-packages\django\template\base.py", line 896, in _resolve_lookup
    current = current[int(bit)]
                      ^^^^^^^^
ValueError: invalid literal for int() with base 10: 'name'

During handling of the above exception, another exception occurred:

Traceback (most recent call last):
  File "S:\miniconda3\envs\online_env\Lib\site-packages\django\template\base.py", line 903, in _resolve_lookup
    raise VariableDoesNotExist(
django.template.base.VariableDoesNotExist: Failed lookup for key [name] in <URLResolver <URLPattern list> (admin:admin) 'admin/'>
DEBUG 2026-01-23 16:03:33,914 base 26172 17488 Exception while resolving variable 'name' in template 'unknown'.
Traceback (most recent call last):
  File "S:\miniconda3\envs\online_env\Lib\site-packages\asgiref\sync.py", line 534, in thread_handler
    raise exc_info[1]
  File "S:\miniconda3\envs\online_env\Lib\site-packages\django\core\handlers\exception.py", line 42, in inner
    response = await get_response(request)
               ^^^^^^^^^^^^^^^^^^^^^^^^^^^
  File "S:\miniconda3\envs\online_env\Lib\site-packages\django\core\handlers\base.py", line 235, in _get_response_async
    callback, callback_args, callback_kwargs = self.resolve_request(request)
                                               ^^^^^^^^^^^^^^^^^^^^^^^^^^^^^
  File "S:\miniconda3\envs\online_env\Lib\site-packages\django\core\handlers\base.py", line 313, in resolve_request
    resolver_match = resolver.resolve(request.path_info)
                     ^^^^^^^^^^^^^^^^^^^^^^^^^^^^^^^^^^^
  File "S:\miniconda3\envs\online_env\Lib\site-packages\django\urls\resolvers.py", line 702, in resolve
    raise Resolver404({"tried": tried, "path": new_path})
django.urls.exceptions.Resolver404: {'tried': [[<URLPattern '' [name='index']>], [<URLResolver <URLPattern list> (admin:admin) 'admin/'>], [<URLResolver <module 'organizations.urls' from 'S:\\SiteWorkspace\\online\\apps\\organizations\\urls.py'> (organizations:org) 'org/'>], [<URLResolver <module 'courses.urls' from 'S:\\SiteWorkspace\\online\\apps\\courses\\urls.py'> (courses:courses) 'courses/'>], [<URLResolver <module 'users.urls' from 'S:\\SiteWorkspace\\online\\apps\\users\\urls.py'> (users:users) 'users/'>], [<URLPattern '^media/(?P<path>.*)$'>]], 'path': 'favicon.ico'}

During handling of the above exception, another exception occurred:

Traceback (most recent call last):
  File "S:\miniconda3\envs\online_env\Lib\site-packages\django\template\base.py", line 880, in _resolve_lookup
    current = current[bit]
              ~~~~~~~^^^^^
TypeError: 'URLResolver' object is not subscriptable

During handling of the above exception, another exception occurred:

Traceback (most recent call last):
  File "S:\miniconda3\envs\online_env\Lib\site-packages\django\template\base.py", line 890, in _resolve_lookup
    current = getattr(current, bit)
              ^^^^^^^^^^^^^^^^^^^^^
AttributeError: 'URLResolver' object has no attribute 'name'

During handling of the above exception, another exception occurred:

Traceback (most recent call last):
  File "S:\miniconda3\envs\online_env\Lib\site-packages\django\template\base.py", line 896, in _resolve_lookup
    current = current[int(bit)]
                      ^^^^^^^^
ValueError: invalid literal for int() with base 10: 'name'

During handling of the above exception, another exception occurred:

Traceback (most recent call last):
  File "S:\miniconda3\envs\online_env\Lib\site-packages\django\template\base.py", line 903, in _resolve_lookup
    raise VariableDoesNotExist(
django.template.base.VariableDoesNotExist: Failed lookup for key [name] in <URLResolver <module 'organizations.urls' from 'S:\\SiteWorkspace\\online\\apps\\organizations\\urls.py'> (organizations:org) 'org/'>
DEBUG 2026-01-23 16:03:33,916 base 26172 17488 Exception while resolving variable 'name' in template 'unknown'.
Traceback (most recent call last):
  File "S:\miniconda3\envs\online_env\Lib\site-packages\asgiref\sync.py", line 534, in thread_handler
    raise exc_info[1]
  File "S:\miniconda3\envs\online_env\Lib\site-packages\django\core\handlers\exception.py", line 42, in inner
    response = await get_response(request)
               ^^^^^^^^^^^^^^^^^^^^^^^^^^^
  File "S:\miniconda3\envs\online_env\Lib\site-packages\django\core\handlers\base.py", line 235, in _get_response_async
    callback, callback_args, callback_kwargs = self.resolve_request(request)
                                               ^^^^^^^^^^^^^^^^^^^^^^^^^^^^^
  File "S:\miniconda3\envs\online_env\Lib\site-packages\django\core\handlers\base.py", line 313, in resolve_request
    resolver_match = resolver.resolve(request.path_info)
                     ^^^^^^^^^^^^^^^^^^^^^^^^^^^^^^^^^^^
  File "S:\miniconda3\envs\online_env\Lib\site-packages\django\urls\resolvers.py", line 702, in resolve
    raise Resolver404({"tried": tried, "path": new_path})
django.urls.exceptions.Resolver404: {'tried': [[<URLPattern '' [name='index']>], [<URLResolver <URLPattern list> (admin:admin) 'admin/'>], [<URLResolver <module 'organizations.urls' from 'S:\\SiteWorkspace\\online\\apps\\organizations\\urls.py'> (organizations:org) 'org/'>], [<URLResolver <module 'courses.urls' from 'S:\\SiteWorkspace\\online\\apps\\courses\\urls.py'> (courses:courses) 'courses/'>], [<URLResolver <module 'users.urls' from 'S:\\SiteWorkspace\\online\\apps\\users\\urls.py'> (users:users) 'users/'>], [<URLPattern '^media/(?P<path>.*)$'>]], 'path': 'favicon.ico'}

During handling of the above exception, another exception occurred:

Traceback (most recent call last):
  File "S:\miniconda3\envs\online_env\Lib\site-packages\django\template\base.py", line 880, in _resolve_lookup
    current = current[bit]
              ~~~~~~~^^^^^
TypeError: 'URLResolver' object is not subscriptable

During handling of the above exception, another exception occurred:

Traceback (most recent call last):
  File "S:\miniconda3\envs\online_env\Lib\site-packages\django\template\base.py", line 890, in _resolve_lookup
    current = getattr(current, bit)
              ^^^^^^^^^^^^^^^^^^^^^
AttributeError: 'URLResolver' object has no attribute 'name'

During handling of the above exception, another exception occurred:

Traceback (most recent call last):
  File "S:\miniconda3\envs\online_env\Lib\site-packages\django\template\base.py", line 896, in _resolve_lookup
    current = current[int(bit)]
                      ^^^^^^^^
ValueError: invalid literal for int() with base 10: 'name'

During handling of the above exception, another exception occurred:

Traceback (most recent call last):
  File "S:\miniconda3\envs\online_env\Lib\site-packages\django\template\base.py", line 903, in _resolve_lookup
    raise VariableDoesNotExist(
django.template.base.VariableDoesNotExist: Failed lookup for key [name] in <URLResolver <module 'courses.urls' from 'S:\\SiteWorkspace\\online\\apps\\courses\\urls.py'> (courses:courses) 'courses/'>
DEBUG 2026-01-23 16:03:33,919 base 26172 17488 Exception while resolving variable 'name' in template 'unknown'.
Traceback (most recent call last):
  File "S:\miniconda3\envs\online_env\Lib\site-packages\asgiref\sync.py", line 534, in thread_handler
    raise exc_info[1]
  File "S:\miniconda3\envs\online_env\Lib\site-packages\django\core\handlers\exception.py", line 42, in inner
    response = await get_response(request)
               ^^^^^^^^^^^^^^^^^^^^^^^^^^^
  File "S:\miniconda3\envs\online_env\Lib\site-packages\django\core\handlers\base.py", line 235, in _get_response_async
    callback, callback_args, callback_kwargs = self.resolve_request(request)
                                               ^^^^^^^^^^^^^^^^^^^^^^^^^^^^^
  File "S:\miniconda3\envs\online_env\Lib\site-packages\django\core\handlers\base.py", line 313, in resolve_request
    resolver_match = resolver.resolve(request.path_info)
                     ^^^^^^^^^^^^^^^^^^^^^^^^^^^^^^^^^^^
  File "S:\miniconda3\envs\online_env\Lib\site-packages\django\urls\resolvers.py", line 702, in resolve
    raise Resolver404({"tried": tried, "path": new_path})
django.urls.exceptions.Resolver404: {'tried': [[<URLPattern '' [name='index']>], [<URLResolver <URLPattern list> (admin:admin) 'admin/'>], [<URLResolver <module 'organizations.urls' from 'S:\\SiteWorkspace\\online\\apps\\organizations\\urls.py'> (organizations:org) 'org/'>], [<URLResolver <module 'courses.urls' from 'S:\\SiteWorkspace\\online\\apps\\courses\\urls.py'> (courses:courses) 'courses/'>], [<URLResolver <module 'users.urls' from 'S:\\SiteWorkspace\\online\\apps\\users\\urls.py'> (users:users) 'users/'>], [<URLPattern '^media/(?P<path>.*)$'>]], 'path': 'favicon.ico'}

During handling of the above exception, another exception occurred:

Traceback (most recent call last):
  File "S:\miniconda3\envs\online_env\Lib\site-packages\django\template\base.py", line 880, in _resolve_lookup
    current = current[bit]
              ~~~~~~~^^^^^
TypeError: 'URLResolver' object is not subscriptable

During handling of the above exception, another exception occurred:

Traceback (most recent call last):
  File "S:\miniconda3\envs\online_env\Lib\site-packages\django\template\base.py", line 890, in _resolve_lookup
    current = getattr(current, bit)
              ^^^^^^^^^^^^^^^^^^^^^
AttributeError: 'URLResolver' object has no attribute 'name'

During handling of the above exception, another exception occurred:

Traceback (most recent call last):
  File "S:\miniconda3\envs\online_env\Lib\site-packages\django\template\base.py", line 896, in _resolve_lookup
    current = current[int(bit)]
                      ^^^^^^^^
ValueError: invalid literal for int() with base 10: 'name'

During handling of the above exception, another exception occurred:

Traceback (most recent call last):
  File "S:\miniconda3\envs\online_env\Lib\site-packages\django\template\base.py", line 903, in _resolve_lookup
    raise VariableDoesNotExist(
django.template.base.VariableDoesNotExist: Failed lookup for key [name] in <URLResolver <module 'users.urls' from 'S:\\SiteWorkspace\\online\\apps\\users\\urls.py'> (users:users) 'users/'>
WARNING 2026-01-23 16:03:33,923 log 26172 12384 Not Found: /favicon.ico
DEBUG 2026-01-23 16:06:45,975 base 30020 35240 Asynchronous handler adapted for middleware whitenoise.middleware.WhiteNoiseMiddleware.
DEBUG 2026-01-23 16:08:45,223 base 17404 33404 Asynchronous handler adapted for middleware whitenoise.middleware.WhiteNoiseMiddleware.
DEBUG 2026-01-23 16:09:34,712 base 34148 33960 Asynchronous handler adapted for middleware whitenoise.middleware.WhiteNoiseMiddleware.
DEBUG 2026-01-23 16:13:29,122 base 35752 35824 Asynchronous handler adapted for middleware whitenoise.middleware.WhiteNoiseMiddleware.
DEBUG 2026-01-23 16:14:01,242 base 35464 1320 Asynchronous handler adapted for middleware whitenoise.middleware.WhiteNoiseMiddleware.
DEBUG 2026-01-23 16:14:19,919 base 12164 16700 Asynchronous handler adapted for middleware whitenoise.middleware.WhiteNoiseMiddleware.
DEBUG 2026-01-23 16:18:40,738 base 12164 25760 Exception while resolving variable 'keywords' in template 'index.html'.
Traceback (most recent call last):
  File "S:\miniconda3\envs\online_env\Lib\site-packages\django\utils\datastructures.py", line 84, in __getitem__
    list_ = super().__getitem__(key)
            ^^^^^^^^^^^^^^^^^^^^^^^^
KeyError: 'keywords'

During handling of the above exception, another exception occurred:

Traceback (most recent call last):
  File "S:\miniconda3\envs\online_env\Lib\site-packages\django\template\base.py", line 880, in _resolve_lookup
    current = current[bit]
              ~~~~~~~^^^^^
  File "S:\miniconda3\envs\online_env\Lib\site-packages\django\utils\datastructures.py", line 86, in __getitem__
    raise MultiValueDictKeyError(key)
django.utils.datastructures.MultiValueDictKeyError: 'keywords'

During handling of the above exception, another exception occurred:

Traceback (most recent call last):
  File "S:\miniconda3\envs\online_env\Lib\site-packages\django\template\base.py", line 890, in _resolve_lookup
    current = getattr(current, bit)
              ^^^^^^^^^^^^^^^^^^^^^
AttributeError: 'QueryDict' object has no attribute 'keywords'

During handling of the above exception, another exception occurred:

Traceback (most recent call last):
  File "S:\miniconda3\envs\online_env\Lib\site-packages\django\template\base.py", line 896, in _resolve_lookup
    current = current[int(bit)]
                      ^^^^^^^^
ValueError: invalid literal for int() with base 10: 'keywords'

During handling of the above exception, another exception occurred:

Traceback (most recent call last):
  File "S:\miniconda3\envs\online_env\Lib\site-packages\django\template\base.py", line 903, in _resolve_lookup
    raise VariableDoesNotExist(
django.template.base.VariableDoesNotExist: Failed lookup for key [keywords] in <QueryDict: {}>
DEBUG 2026-01-23 16:18:40,860 utils 12164 25760 (0.000) SELECT "users_banner"."id", "users_banner"."image", "users_banner"."banner_url", "users_banner"."order", "users_banner"."add_time" FROM "users_banner" ORDER BY "users_banner"."order" DESC LIMIT 3; args=(); alias=default
DEBUG 2026-01-23 16:18:40,862 utils 12164 25760 (0.000) SELECT "courses_courseinfo"."id", "courses_courseinfo"."course_org_id", "courses_courseinfo"."teacher_id", "courses_courseinfo"."name", "courses_courseinfo"."image", "courses_courseinfo"."desc", "courses_courseinfo"."degree", "courses_courseinfo"."students", "courses_courseinfo"."learn_time", "courses_courseinfo"."category", "courses_courseinfo"."fav_nums", "courses_courseinfo"."click_nums", "courses_courseinfo"."detail", "courses_courseinfo"."is_banner", "courses_courseinfo"."before_know", "courses_courseinfo"."teacher_tell", "courses_courseinfo"."add_time", "courses_courseinfo"."notice" FROM "courses_courseinfo" WHERE "courses_courseinfo"."is_banner" ORDER BY "courses_courseinfo"."click_nums" DESC LIMIT 3; args=(); alias=default
DEBUG 2026-01-23 16:18:40,863 utils 12164 25760 (0.000) SELECT "courses_courseinfo"."id", "courses_courseinfo"."course_org_id", "courses_courseinfo"."teacher_id", "courses_courseinfo"."name", "courses_courseinfo"."image", "courses_courseinfo"."desc", "courses_courseinfo"."degree", "courses_courseinfo"."students", "courses_courseinfo"."learn_time", "courses_courseinfo"."category", "courses_courseinfo"."fav_nums", "courses_courseinfo"."click_nums", "courses_courseinfo"."detail", "courses_courseinfo"."is_banner", "courses_courseinfo"."before_know", "courses_courseinfo"."teacher_tell", "courses_courseinfo"."add_time", "courses_courseinfo"."notice" FROM "courses_courseinfo" ORDER BY "courses_courseinfo"."click_nums" DESC LIMIT 6; args=(); alias=default
DEBUG 2026-01-23 16:18:40,865 utils 12164 25760 (0.000) SELECT "organizations_organizationinfo"."id", "organizations_organizationinfo"."category", "organizations_organizationinfo"."city_id", "organizations_organizationinfo"."name", "organizations_organizationinfo"."image", "organizations_organizationinfo"."students", "organizations_organizationinfo"."address", "organizations_organizationinfo"."desc", "organizations_organizationinfo"."add_time", "organizations_organizationinfo"."is_authentication", "organizations_organizationinfo"."is_gold", "organizations_organizationinfo"."course_nums", "organizations_organizationinfo"."tag", "organizations_organizationinfo"."click_nums", "organizations_organizationinfo"."fav_nums" FROM "organizations_organizationinfo" ORDER BY "organizations_organizationinfo"."course_nums" DESC LIMIT 15; args=(); alias=default
DEBUG 2026-01-23 16:19:03,979 base 25088 28424 Asynchronous handler adapted for middleware whitenoise.middleware.WhiteNoiseMiddleware.
DEBUG 2026-01-23 16:19:07,845 base 25088 24340 Exception while resolving variable 'keywords' in template 'index.html'.
Traceback (most recent call last):
  File "S:\miniconda3\envs\online_env\Lib\site-packages\django\utils\datastructures.py", line 84, in __getitem__
    list_ = super().__getitem__(key)
            ^^^^^^^^^^^^^^^^^^^^^^^^
KeyError: 'keywords'

During handling of the above exception, another exception occurred:

Traceback (most recent call last):
  File "S:\miniconda3\envs\online_env\Lib\site-packages\django\template\base.py", line 880, in _resolve_lookup
    current = current[bit]
              ~~~~~~~^^^^^
  File "S:\miniconda3\envs\online_env\Lib\site-packages\django\utils\datastructures.py", line 86, in __getitem__
    raise MultiValueDictKeyError(key)
django.utils.datastructures.MultiValueDictKeyError: 'keywords'

During handling of the above exception, another exception occurred:

Traceback (most recent call last):
  File "S:\miniconda3\envs\online_env\Lib\site-packages\django\template\base.py", line 890, in _resolve_lookup
    current = getattr(current, bit)
              ^^^^^^^^^^^^^^^^^^^^^
AttributeError: 'QueryDict' object has no attribute 'keywords'

During handling of the above exception, another exception occurred:

Traceback (most recent call last):
  File "S:\miniconda3\envs\online_env\Lib\site-packages\django\template\base.py", line 896, in _resolve_lookup
    current = current[int(bit)]
                      ^^^^^^^^
ValueError: invalid literal for int() with base 10: 'keywords'

During handling of the above exception, another exception occurred:

Traceback (most recent call last):
  File "S:\miniconda3\envs\online_env\Lib\site-packages\django\template\base.py", line 903, in _resolve_lookup
    raise VariableDoesNotExist(
django.template.base.VariableDoesNotExist: Failed lookup for key [keywords] in <QueryDict: {}>
DEBUG 2026-01-23 16:19:07,967 utils 25088 24340 (0.000) SELECT "users_banner"."id", "users_banner"."image", "users_banner"."banner_url", "users_banner"."order", "users_banner"."add_time" FROM "users_banner" ORDER BY "users_banner"."order" DESC LIMIT 3; args=(); alias=default
DEBUG 2026-01-23 16:19:07,970 utils 25088 24340 (0.000) SELECT "courses_courseinfo"."id", "courses_courseinfo"."course_org_id", "courses_courseinfo"."teacher_id", "courses_courseinfo"."name", "courses_courseinfo"."image", "courses_courseinfo"."desc", "courses_courseinfo"."degree", "courses_courseinfo"."students", "courses_courseinfo"."learn_time", "courses_courseinfo"."category", "courses_courseinfo"."fav_nums", "courses_courseinfo"."click_nums", "courses_courseinfo"."detail", "courses_courseinfo"."is_banner", "courses_courseinfo"."before_know", "courses_courseinfo"."teacher_tell", "courses_courseinfo"."add_time", "courses_courseinfo"."notice" FROM "courses_courseinfo" WHERE "courses_courseinfo"."is_banner" ORDER BY "courses_courseinfo"."click_nums" DESC LIMIT 3; args=(); alias=default
DEBUG 2026-01-23 16:19:07,971 utils 25088 24340 (0.000) SELECT "courses_courseinfo"."id", "courses_courseinfo"."course_org_id", "courses_courseinfo"."teacher_id", "courses_courseinfo"."name", "courses_courseinfo"."image", "courses_courseinfo"."desc", "courses_courseinfo"."degree", "courses_courseinfo"."students", "courses_courseinfo"."learn_time", "courses_courseinfo"."category", "courses_courseinfo"."fav_nums", "courses_courseinfo"."click_nums", "courses_courseinfo"."detail", "courses_courseinfo"."is_banner", "courses_courseinfo"."before_know", "courses_courseinfo"."teacher_tell", "courses_courseinfo"."add_time", "courses_courseinfo"."notice" FROM "courses_courseinfo" ORDER BY "courses_courseinfo"."click_nums" DESC LIMIT 6; args=(); alias=default
DEBUG 2026-01-23 16:19:07,973 utils 25088 24340 (0.000) SELECT "organizations_organizationinfo"."id", "organizations_organizationinfo"."category", "organizations_organizationinfo"."city_id", "organizations_organizationinfo"."name", "organizations_organizationinfo"."image", "organizations_organizationinfo"."students", "organizations_organizationinfo"."address", "organizations_organizationinfo"."desc", "organizations_organizationinfo"."add_time", "organizations_organizationinfo"."is_authentication", "organizations_organizationinfo"."is_gold", "organizations_organizationinfo"."course_nums", "organizations_organizationinfo"."tag", "organizations_organizationinfo"."click_nums", "organizations_organizationinfo"."fav_nums" FROM "organizations_organizationinfo" ORDER BY "organizations_organizationinfo"."course_nums" DESC LIMIT 15; args=(); alias=default
DEBUG 2026-01-23 16:19:14,332 base 25088 35344 Exception while resolving variable 'keywords' in template 'index.html'.
Traceback (most recent call last):
  File "S:\miniconda3\envs\online_env\Lib\site-packages\django\utils\datastructures.py", line 84, in __getitem__
    list_ = super().__getitem__(key)
            ^^^^^^^^^^^^^^^^^^^^^^^^
KeyError: 'keywords'

During handling of the above exception, another exception occurred:

Traceback (most recent call last):
  File "S:\miniconda3\envs\online_env\Lib\site-packages\django\template\base.py", line 880, in _resolve_lookup
    current = current[bit]
              ~~~~~~~^^^^^
  File "S:\miniconda3\envs\online_env\Lib\site-packages\django\utils\datastructures.py", line 86, in __getitem__
    raise MultiValueDictKeyError(key)
django.utils.datastructures.MultiValueDictKeyError: 'keywords'

During handling of the above exception, another exception occurred:

Traceback (most recent call last):
  File "S:\miniconda3\envs\online_env\Lib\site-packages\django\template\base.py", line 890, in _resolve_lookup
    current = getattr(current, bit)
              ^^^^^^^^^^^^^^^^^^^^^
AttributeError: 'QueryDict' object has no attribute 'keywords'

During handling of the above exception, another exception occurred:

Traceback (most recent call last):
  File "S:\miniconda3\envs\online_env\Lib\site-packages\django\template\base.py", line 896, in _resolve_lookup
    current = current[int(bit)]
                      ^^^^^^^^
ValueError: invalid literal for int() with base 10: 'keywords'

During handling of the above exception, another exception occurred:

Traceback (most recent call last):
  File "S:\miniconda3\envs\online_env\Lib\site-packages\django\template\base.py", line 903, in _resolve_lookup
    raise VariableDoesNotExist(
django.template.base.VariableDoesNotExist: Failed lookup for key [keywords] in <QueryDict: {}>
DEBUG 2026-01-23 16:19:14,443 utils 25088 35344 (0.000) SELECT "users_banner"."id", "users_banner"."image", "users_banner"."banner_url", "users_banner"."order", "users_banner"."add_time" FROM "users_banner" ORDER BY "users_banner"."order" DESC LIMIT 3; args=(); alias=default
DEBUG 2026-01-23 16:19:14,445 utils 25088 35344 (0.000) SELECT "courses_courseinfo"."id", "courses_courseinfo"."course_org_id", "courses_courseinfo"."teacher_id", "courses_courseinfo"."name", "courses_courseinfo"."image", "courses_courseinfo"."desc", "courses_courseinfo"."degree", "courses_courseinfo"."students", "courses_courseinfo"."learn_time", "courses_courseinfo"."category", "courses_courseinfo"."fav_nums", "courses_courseinfo"."click_nums", "courses_courseinfo"."detail", "courses_courseinfo"."is_banner", "courses_courseinfo"."before_know", "courses_courseinfo"."teacher_tell", "courses_courseinfo"."add_time", "courses_courseinfo"."notice" FROM "courses_courseinfo" WHERE "courses_courseinfo"."is_banner" ORDER BY "courses_courseinfo"."click_nums" DESC LIMIT 3; args=(); alias=default
DEBUG 2026-01-23 16:19:14,446 utils 25088 35344 (0.000) SELECT "courses_courseinfo"."id", "courses_courseinfo"."course_org_id", "courses_courseinfo"."teacher_id", "courses_courseinfo"."name", "courses_courseinfo"."image", "courses_courseinfo"."desc", "courses_courseinfo"."degree", "courses_courseinfo"."students", "courses_courseinfo"."learn_time", "courses_courseinfo"."category", "courses_courseinfo"."fav_nums", "courses_courseinfo"."click_nums", "courses_courseinfo"."detail", "courses_courseinfo"."is_banner", "courses_courseinfo"."before_know", "courses_courseinfo"."teacher_tell", "courses_courseinfo"."add_time", "courses_courseinfo"."notice" FROM "courses_courseinfo" ORDER BY "courses_courseinfo"."click_nums" DESC LIMIT 6; args=(); alias=default
DEBUG 2026-01-23 16:19:14,448 utils 25088 35344 (0.016) SELECT "organizations_organizationinfo"."id", "organizations_organizationinfo"."category", "organizations_organizationinfo"."city_id", "organizations_organizationinfo"."name", "organizations_organizationinfo"."image", "organizations_organizationinfo"."students", "organizations_organizationinfo"."address", "organizations_organizationinfo"."desc", "organizations_organizationinfo"."add_time", "organizations_organizationinfo"."is_authentication", "organizations_organizationinfo"."is_gold", "organizations_organizationinfo"."course_nums", "organizations_organizationinfo"."tag", "organizations_organizationinfo"."click_nums", "organizations_organizationinfo"."fav_nums" FROM "organizations_organizationinfo" ORDER BY "organizations_organizationinfo"."course_nums" DESC LIMIT 15; args=(); alias=default
DEBUG 2026-01-23 16:19:16,371 base 25088 32144 Exception while resolving variable 'pwdreset_msg' in template 'login.html'.
Traceback (most recent call last):
  File "S:\miniconda3\envs\online_env\Lib\site-packages\django\template\base.py", line 880, in _resolve_lookup
    current = current[bit]
              ~~~~~~~^^^^^
  File "S:\miniconda3\envs\online_env\Lib\site-packages\django\template\context.py", line 83, in __getitem__
    raise KeyError(key)
KeyError: 'pwdreset_msg'

During handling of the above exception, another exception occurred:

Traceback (most recent call last):
  File "S:\miniconda3\envs\online_env\Lib\site-packages\django\template\base.py", line 886, in _resolve_lookup
    if isinstance(current, BaseContext) and getattr(
                                            ^^^^^^^^
AttributeError: type object 'RequestContext' has no attribute 'pwdreset_msg'

During handling of the above exception, another exception occurred:

Traceback (most recent call last):
  File "S:\miniconda3\envs\online_env\Lib\site-packages\django\template\base.py", line 896, in _resolve_lookup
    current = current[int(bit)]
                      ^^^^^^^^
ValueError: invalid literal for int() with base 10: 'pwdreset_msg'

During handling of the above exception, another exception occurred:

Traceback (most recent call last):
  File "S:\miniconda3\envs\online_env\Lib\site-packages\django\template\base.py", line 903, in _resolve_lookup
    raise VariableDoesNotExist(
django.template.base.VariableDoesNotExist: Failed lookup for key [pwdreset_msg] in [{'True': True, 'False': False, 'None': None}, {'csrf_token': <SimpleLazyObject: <function csrf.<locals>._get_val at 0x000001BBC3701800>>, 'request': <ASGIRequest: GET '/users/login/'>, 'user': <SimpleLazyObject: <function AuthenticationMiddleware.process_request.<locals>.<lambda> at 0x000001BBC37014E0>>, 'perms': PermWrapper(<SimpleLazyObject: <function AuthenticationMiddleware.process_request.<locals>.<lambda> at 0x000001BBC37014E0>>), 'messages': <FallbackStorage: request=<ASGIRequest: GET '/users/login/'>>, 'DEFAULT_MESSAGE_LEVELS': {'DEBUG': 10, 'INFO': 20, 'SUCCESS': 25, 'WARNING': 30, 'ERROR': 40}, 'MEDIA_URL': '/media/'}, {}, {'block': <Block Node: body. Contents: [<TextNode: '\n<section>\n    <div class'>, <URLNode view_name=''index'' args=[] kwargs={} as=None>, <TextNode: '"></a>\n                <h'>, <URLNode view_name=''index'' args=[] kwargs={} as=None>, <TextNode: '">回到首页</a>\n            </'>, StaticNode(varname=None, path=<FilterExpression "'images/mysql.jpg'">), <TextNode: '" /></a></li>\n           '>, StaticNode(varname=None, path=<FilterExpression "'images/mysql.jpg'">), <TextNode: '" /></a></li>\n           '>, StaticNode(varname=None, path=<FilterExpression "'images/mysql.jpg'">), <TextNode: '" /></a></li>\n           '>, <IfNode>, <TextNode: '\n                <form ac'>, <URLNode view_name=''users:login'' args=[] kwargs={} as=None>, <TextNode: '" method="post" autocompl'>, <IfNode>, <TextNode: '">\n                      '>, <TextNode: '\n                        '>, <IfNode>, <TextNode: '">\n                      '>, <TextNode: '\n                        '>, <IfNode>, <TextNode: '\n                    </di'>, <URLNode view_name=''users:forgetpwd'' args=[] kwargs={} as=None>, <TextNode: '">忘记密码？</a>\n             '>, <django.template.defaulttags.CsrfTokenNode object at 0x000001BBC3720290>, <TextNode: '\n                </form>\n'>, <URLNode view_name=''users:register'' args=[] kwargs={} as=None>, <TextNode: '">[立即注册]</a></p>\n        '>]>}]
DEBUG 2026-01-23 16:19:16,374 base 25088 32144 Exception while resolving variable 'login_form' in template 'login.html'.
Traceback (most recent call last):
  File "S:\miniconda3\envs\online_env\Lib\site-packages\django\template\base.py", line 880, in _resolve_lookup
    current = current[bit]
              ~~~~~~~^^^^^
  File "S:\miniconda3\envs\online_env\Lib\site-packages\django\template\context.py", line 83, in __getitem__
    raise KeyError(key)
KeyError: 'login_form'

During handling of the above exception, another exception occurred:

Traceback (most recent call last):
  File "S:\miniconda3\envs\online_env\Lib\site-packages\django\template\base.py", line 886, in _resolve_lookup
    if isinstance(current, BaseContext) and getattr(
                                            ^^^^^^^^
AttributeError: type object 'RequestContext' has no attribute 'login_form'

During handling of the above exception, another exception occurred:

Traceback (most recent call last):
  File "S:\miniconda3\envs\online_env\Lib\site-packages\django\template\base.py", line 896, in _resolve_lookup
    current = current[int(bit)]
                      ^^^^^^^^
ValueError: invalid literal for int() with base 10: 'login_form'

During handling of the above exception, another exception occurred:

Traceback (most recent call last):
  File "S:\miniconda3\envs\online_env\Lib\site-packages\django\template\base.py", line 903, in _resolve_lookup
    raise VariableDoesNotExist(
django.template.base.VariableDoesNotExist: Failed lookup for key [login_form] in [{'True': True, 'False': False, 'None': None}, {'csrf_token': <SimpleLazyObject: <function csrf.<locals>._get_val at 0x000001BBC3701800>>, 'request': <ASGIRequest: GET '/users/login/'>, 'user': <SimpleLazyObject: <function AuthenticationMiddleware.process_request.<locals>.<lambda> at 0x000001BBC37014E0>>, 'perms': PermWrapper(<SimpleLazyObject: <function AuthenticationMiddleware.process_request.<locals>.<lambda> at 0x000001BBC37014E0>>), 'messages': <FallbackStorage: request=<ASGIRequest: GET '/users/login/'>>, 'DEFAULT_MESSAGE_LEVELS': {'DEBUG': 10, 'INFO': 20, 'SUCCESS': 25, 'WARNING': 30, 'ERROR': 40}, 'MEDIA_URL': '/media/'}, {}, {'block': <Block Node: body. Contents: [<TextNode: '\n<section>\n    <div class'>, <URLNode view_name=''index'' args=[] kwargs={} as=None>, <TextNode: '"></a>\n                <h'>, <URLNode view_name=''index'' args=[] kwargs={} as=None>, <TextNode: '">回到首页</a>\n            </'>, StaticNode(varname=None, path=<FilterExpression "'images/mysql.jpg'">), <TextNode: '" /></a></li>\n           '>, StaticNode(varname=None, path=<FilterExpression "'images/mysql.jpg'">), <TextNode: '" /></a></li>\n           '>, StaticNode(varname=None, path=<FilterExpression "'images/mysql.jpg'">), <TextNode: '" /></a></li>\n           '>, <IfNode>, <TextNode: '\n                <form ac'>, <URLNode view_name=''users:login'' args=[] kwargs={} as=None>, <TextNode: '" method="post" autocompl'>, <IfNode>, <TextNode: '">\n                      '>, <TextNode: '\n                        '>, <IfNode>, <TextNode: '">\n                      '>, <TextNode: '\n                        '>, <IfNode>, <TextNode: '\n                    </di'>, <URLNode view_name=''users:forgetpwd'' args=[] kwargs={} as=None>, <TextNode: '">忘记密码？</a>\n             '>, <django.template.defaulttags.CsrfTokenNode object at 0x000001BBC3720290>, <TextNode: '\n                </form>\n'>, <URLNode view_name=''users:register'' args=[] kwargs={} as=None>, <TextNode: '">[立即注册]</a></p>\n        '>]>}]
DEBUG 2026-01-23 16:19:16,377 base 25088 32144 Exception while resolving variable 'login_form' in template 'login.html'.
Traceback (most recent call last):
  File "S:\miniconda3\envs\online_env\Lib\site-packages\django\template\base.py", line 880, in _resolve_lookup
    current = current[bit]
              ~~~~~~~^^^^^
  File "S:\miniconda3\envs\online_env\Lib\site-packages\django\template\context.py", line 83, in __getitem__
    raise KeyError(key)
KeyError: 'login_form'

During handling of the above exception, another exception occurred:

Traceback (most recent call last):
  File "S:\miniconda3\envs\online_env\Lib\site-packages\django\template\base.py", line 886, in _resolve_lookup
    if isinstance(current, BaseContext) and getattr(
                                            ^^^^^^^^
AttributeError: type object 'RequestContext' has no attribute 'login_form'

During handling of the above exception, another exception occurred:

Traceback (most recent call last):
  File "S:\miniconda3\envs\online_env\Lib\site-packages\django\template\base.py", line 896, in _resolve_lookup
    current = current[int(bit)]
                      ^^^^^^^^
ValueError: invalid literal for int() with base 10: 'login_form'

During handling of the above exception, another exception occurred:

Traceback (most recent call last):
  File "S:\miniconda3\envs\online_env\Lib\site-packages\django\template\base.py", line 903, in _resolve_lookup
    raise VariableDoesNotExist(
django.template.base.VariableDoesNotExist: Failed lookup for key [login_form] in [{'True': True, 'False': False, 'None': None}, {'csrf_token': <SimpleLazyObject: <function csrf.<locals>._get_val at 0x000001BBC3701800>>, 'request': <ASGIRequest: GET '/users/login/'>, 'user': <SimpleLazyObject: <function AuthenticationMiddleware.process_request.<locals>.<lambda> at 0x000001BBC37014E0>>, 'perms': PermWrapper(<SimpleLazyObject: <function AuthenticationMiddleware.process_request.<locals>.<lambda> at 0x000001BBC37014E0>>), 'messages': <FallbackStorage: request=<ASGIRequest: GET '/users/login/'>>, 'DEFAULT_MESSAGE_LEVELS': {'DEBUG': 10, 'INFO': 20, 'SUCCESS': 25, 'WARNING': 30, 'ERROR': 40}, 'MEDIA_URL': '/media/'}, {}, {'block': <Block Node: body. Contents: [<TextNode: '\n<section>\n    <div class'>, <URLNode view_name=''index'' args=[] kwargs={} as=None>, <TextNode: '"></a>\n                <h'>, <URLNode view_name=''index'' args=[] kwargs={} as=None>, <TextNode: '">回到首页</a>\n            </'>, StaticNode(varname=None, path=<FilterExpression "'images/mysql.jpg'">), <TextNode: '" /></a></li>\n           '>, StaticNode(varname=None, path=<FilterExpression "'images/mysql.jpg'">), <TextNode: '" /></a></li>\n           '>, StaticNode(varname=None, path=<FilterExpression "'images/mysql.jpg'">), <TextNode: '" /></a></li>\n           '>, <IfNode>, <TextNode: '\n                <form ac'>, <URLNode view_name=''users:login'' args=[] kwargs={} as=None>, <TextNode: '" method="post" autocompl'>, <IfNode>, <TextNode: '">\n                      '>, <TextNode: '\n                        '>, <IfNode>, <TextNode: '">\n                      '>, <TextNode: '\n                        '>, <IfNode>, <TextNode: '\n                    </di'>, <URLNode view_name=''users:forgetpwd'' args=[] kwargs={} as=None>, <TextNode: '">忘记密码？</a>\n             '>, <django.template.defaulttags.CsrfTokenNode object at 0x000001BBC3720290>, <TextNode: '\n                </form>\n'>, <URLNode view_name=''users:register'' args=[] kwargs={} as=None>, <TextNode: '">[立即注册]</a></p>\n        '>]>}]
DEBUG 2026-01-23 16:19:16,379 base 25088 32144 Exception while resolving variable 'login_form' in template 'login.html'.
Traceback (most recent call last):
  File "S:\miniconda3\envs\online_env\Lib\site-packages\django\template\base.py", line 880, in _resolve_lookup
    current = current[bit]
              ~~~~~~~^^^^^
  File "S:\miniconda3\envs\online_env\Lib\site-packages\django\template\context.py", line 83, in __getitem__
    raise KeyError(key)
KeyError: 'login_form'

During handling of the above exception, another exception occurred:

Traceback (most recent call last):
  File "S:\miniconda3\envs\online_env\Lib\site-packages\django\template\base.py", line 886, in _resolve_lookup
    if isinstance(current, BaseContext) and getattr(
                                            ^^^^^^^^
AttributeError: type object 'RequestContext' has no attribute 'login_form'

During handling of the above exception, another exception occurred:

Traceback (most recent call last):
  File "S:\miniconda3\envs\online_env\Lib\site-packages\django\template\base.py", line 896, in _resolve_lookup
    current = current[int(bit)]
                      ^^^^^^^^
ValueError: invalid literal for int() with base 10: 'login_form'

During handling of the above exception, another exception occurred:

Traceback (most recent call last):
  File "S:\miniconda3\envs\online_env\Lib\site-packages\django\template\base.py", line 903, in _resolve_lookup
    raise VariableDoesNotExist(
django.template.base.VariableDoesNotExist: Failed lookup for key [login_form] in [{'True': True, 'False': False, 'None': None}, {'csrf_token': <SimpleLazyObject: <function csrf.<locals>._get_val at 0x000001BBC3701800>>, 'request': <ASGIRequest: GET '/users/login/'>, 'user': <SimpleLazyObject: <function AuthenticationMiddleware.process_request.<locals>.<lambda> at 0x000001BBC37014E0>>, 'perms': PermWrapper(<SimpleLazyObject: <function AuthenticationMiddleware.process_request.<locals>.<lambda> at 0x000001BBC37014E0>>), 'messages': <FallbackStorage: request=<ASGIRequest: GET '/users/login/'>>, 'DEFAULT_MESSAGE_LEVELS': {'DEBUG': 10, 'INFO': 20, 'SUCCESS': 25, 'WARNING': 30, 'ERROR': 40}, 'MEDIA_URL': '/media/'}, {}, {'block': <Block Node: body. Contents: [<TextNode: '\n<section>\n    <div class'>, <URLNode view_name=''index'' args=[] kwargs={} as=None>, <TextNode: '"></a>\n                <h'>, <URLNode view_name=''index'' args=[] kwargs={} as=None>, <TextNode: '">回到首页</a>\n            </'>, StaticNode(varname=None, path=<FilterExpression "'images/mysql.jpg'">), <TextNode: '" /></a></li>\n           '>, StaticNode(varname=None, path=<FilterExpression "'images/mysql.jpg'">), <TextNode: '" /></a></li>\n           '>, StaticNode(varname=None, path=<FilterExpression "'images/mysql.jpg'">), <TextNode: '" /></a></li>\n           '>, <IfNode>, <TextNode: '\n                <form ac'>, <URLNode view_name=''users:login'' args=[] kwargs={} as=None>, <TextNode: '" method="post" autocompl'>, <IfNode>, <TextNode: '">\n                      '>, <TextNode: '\n                        '>, <IfNode>, <TextNode: '">\n                      '>, <TextNode: '\n                        '>, <IfNode>, <TextNode: '\n                    </di'>, <URLNode view_name=''users:forgetpwd'' args=[] kwargs={} as=None>, <TextNode: '">忘记密码？</a>\n             '>, <django.template.defaulttags.CsrfTokenNode object at 0x000001BBC3720290>, <TextNode: '\n                </form>\n'>, <URLNode view_name=''users:register'' args=[] kwargs={} as=None>, <TextNode: '">[立即注册]</a></p>\n        '>]>}]
DEBUG 2026-01-23 16:19:16,382 base 25088 32144 Exception while resolving variable 'msg' in template 'login.html'.
Traceback (most recent call last):
  File "S:\miniconda3\envs\online_env\Lib\site-packages\django\template\base.py", line 880, in _resolve_lookup
    current = current[bit]
              ~~~~~~~^^^^^
  File "S:\miniconda3\envs\online_env\Lib\site-packages\django\template\context.py", line 83, in __getitem__
    raise KeyError(key)
KeyError: 'msg'

During handling of the above exception, another exception occurred:

Traceback (most recent call last):
  File "S:\miniconda3\envs\online_env\Lib\site-packages\django\template\base.py", line 886, in _resolve_lookup
    if isinstance(current, BaseContext) and getattr(
                                            ^^^^^^^^
AttributeError: type object 'RequestContext' has no attribute 'msg'

During handling of the above exception, another exception occurred:

Traceback (most recent call last):
  File "S:\miniconda3\envs\online_env\Lib\site-packages\django\template\base.py", line 896, in _resolve_lookup
    current = current[int(bit)]
                      ^^^^^^^^
ValueError: invalid literal for int() with base 10: 'msg'

During handling of the above exception, another exception occurred:

Traceback (most recent call last):
  File "S:\miniconda3\envs\online_env\Lib\site-packages\django\template\base.py", line 903, in _resolve_lookup
    raise VariableDoesNotExist(
django.template.base.VariableDoesNotExist: Failed lookup for key [msg] in [{'True': True, 'False': False, 'None': None}, {'csrf_token': <SimpleLazyObject: <function csrf.<locals>._get_val at 0x000001BBC3701800>>, 'request': <ASGIRequest: GET '/users/login/'>, 'user': <SimpleLazyObject: <function AuthenticationMiddleware.process_request.<locals>.<lambda> at 0x000001BBC37014E0>>, 'perms': PermWrapper(<SimpleLazyObject: <function AuthenticationMiddleware.process_request.<locals>.<lambda> at 0x000001BBC37014E0>>), 'messages': <FallbackStorage: request=<ASGIRequest: GET '/users/login/'>>, 'DEFAULT_MESSAGE_LEVELS': {'DEBUG': 10, 'INFO': 20, 'SUCCESS': 25, 'WARNING': 30, 'ERROR': 40}, 'MEDIA_URL': '/media/'}, {}, {'block': <Block Node: body. Contents: [<TextNode: '\n<section>\n    <div class'>, <URLNode view_name=''index'' args=[] kwargs={} as=None>, <TextNode: '"></a>\n                <h'>, <URLNode view_name=''index'' args=[] kwargs={} as=None>, <TextNode: '">回到首页</a>\n            </'>, StaticNode(varname=None, path=<FilterExpression "'images/mysql.jpg'">), <TextNode: '" /></a></li>\n           '>, StaticNode(varname=None, path=<FilterExpression "'images/mysql.jpg'">), <TextNode: '" /></a></li>\n           '>, StaticNode(varname=None, path=<FilterExpression "'images/mysql.jpg'">), <TextNode: '" /></a></li>\n           '>, <IfNode>, <TextNode: '\n                <form ac'>, <URLNode view_name=''users:login'' args=[] kwargs={} as=None>, <TextNode: '" method="post" autocompl'>, <IfNode>, <TextNode: '">\n                      '>, <TextNode: '\n                        '>, <IfNode>, <TextNode: '">\n                      '>, <TextNode: '\n                        '>, <IfNode>, <TextNode: '\n                    </di'>, <URLNode view_name=''users:forgetpwd'' args=[] kwargs={} as=None>, <TextNode: '">忘记密码？</a>\n             '>, <django.template.defaulttags.CsrfTokenNode object at 0x000001BBC3720290>, <TextNode: '\n                </form>\n'>, <URLNode view_name=''users:register'' args=[] kwargs={} as=None>, <TextNode: '">[立即注册]</a></p>\n        '>]>}]
DEBUG 2026-01-23 17:21:59,327 base 16388 21248 Asynchronous handler adapted for middleware whitenoise.middleware.WhiteNoiseMiddleware.
DEBUG 2026-01-23 17:22:17,904 base 16388 26000 Exception while resolving variable 'pwdreset_msg' in template 'login.html'.
Traceback (most recent call last):
  File "C:\Users\PC-xi\Miniconda3\envs\dev_env\Lib\site-packages\django\template\base.py", line 880, in _resolve_lookup
    current = current[bit]
              ~~~~~~~^^^^^
  File "C:\Users\PC-xi\Miniconda3\envs\dev_env\Lib\site-packages\django\template\context.py", line 83, in __getitem__
    raise KeyError(key)
KeyError: 'pwdreset_msg'

During handling of the above exception, another exception occurred:

Traceback (most recent call last):
  File "C:\Users\PC-xi\Miniconda3\envs\dev_env\Lib\site-packages\django\template\base.py", line 886, in _resolve_lookup
    if isinstance(current, BaseContext) and getattr(
                                            ^^^^^^^^
AttributeError: type object 'RequestContext' has no attribute 'pwdreset_msg'

During handling of the above exception, another exception occurred:

Traceback (most recent call last):
  File "C:\Users\PC-xi\Miniconda3\envs\dev_env\Lib\site-packages\django\template\base.py", line 896, in _resolve_lookup
    current = current[int(bit)]
                      ^^^^^^^^
ValueError: invalid literal for int() with base 10: 'pwdreset_msg'

During handling of the above exception, another exception occurred:

Traceback (most recent call last):
  File "C:\Users\PC-xi\Miniconda3\envs\dev_env\Lib\site-packages\django\template\base.py", line 903, in _resolve_lookup
    raise VariableDoesNotExist(
django.template.base.VariableDoesNotExist: Failed lookup for key [pwdreset_msg] in [{'True': True, 'False': False, 'None': None}, {'csrf_token': <SimpleLazyObject: <function csrf.<locals>._get_val at 0x000002462B1A1F80>>, 'request': <ASGIRequest: GET '/users/login/'>, 'user': <SimpleLazyObject: <function AuthenticationMiddleware.process_request.<locals>.<lambda> at 0x000002462B0EC040>>, 'perms': PermWrapper(<SimpleLazyObject: <function AuthenticationMiddleware.process_request.<locals>.<lambda> at 0x000002462B0EC040>>), 'messages': <FallbackStorage: request=<ASGIRequest: GET '/users/login/'>>, 'DEFAULT_MESSAGE_LEVELS': {'DEBUG': 10, 'INFO': 20, 'SUCCESS': 25, 'WARNING': 30, 'ERROR': 40}, 'MEDIA_URL': '/media/'}, {}, {'block': <Block Node: body. Contents: [<TextNode: '\n<section>\n    <div class'>, <URLNode view_name=''index'' args=[] kwargs={} as=None>, <TextNode: '"></a>\n                <h'>, <URLNode view_name=''index'' args=[] kwargs={} as=None>, <TextNode: '">回到首页</a>\n            </'>, StaticNode(varname=None, path=<FilterExpression "'images/mysql.jpg'">), <TextNode: '" /></a></li>\n           '>, StaticNode(varname=None, path=<FilterExpression "'images/mysql.jpg'">), <TextNode: '" /></a></li>\n           '>, StaticNode(varname=None, path=<FilterExpression "'images/mysql.jpg'">), <TextNode: '" /></a></li>\n           '>, <IfNode>, <TextNode: '\n                <form ac'>, <URLNode view_name=''users:login'' args=[] kwargs={} as=None>, <TextNode: '" method="post" autocompl'>, <IfNode>, <TextNode: '">\n                      '>, <TextNode: '\n                        '>, <IfNode>, <TextNode: '">\n                      '>, <TextNode: '\n                        '>, <IfNode>, <TextNode: '\n                    </di'>, <URLNode view_name=''users:forgetpwd'' args=[] kwargs={} as=None>, <TextNode: '">忘记密码？</a>\n             '>, <django.template.defaulttags.CsrfTokenNode object at 0x000002462B18D9D0>, <TextNode: '\n                </form>\n'>, <URLNode view_name=''users:register'' args=[] kwargs={} as=None>, <TextNode: '">[立即注册]</a></p>\n        '>]>}]
DEBUG 2026-01-23 17:22:17,909 base 16388 26000 Exception while resolving variable 'login_form' in template 'login.html'.
Traceback (most recent call last):
  File "C:\Users\PC-xi\Miniconda3\envs\dev_env\Lib\site-packages\django\template\base.py", line 880, in _resolve_lookup
    current = current[bit]
              ~~~~~~~^^^^^
  File "C:\Users\PC-xi\Miniconda3\envs\dev_env\Lib\site-packages\django\template\context.py", line 83, in __getitem__
    raise KeyError(key)
KeyError: 'login_form'

During handling of the above exception, another exception occurred:

Traceback (most recent call last):
  File "C:\Users\PC-xi\Miniconda3\envs\dev_env\Lib\site-packages\django\template\base.py", line 886, in _resolve_lookup
    if isinstance(current, BaseContext) and getattr(
                                            ^^^^^^^^
AttributeError: type object 'RequestContext' has no attribute 'login_form'

During handling of the above exception, another exception occurred:

Traceback (most recent call last):
  File "C:\Users\PC-xi\Miniconda3\envs\dev_env\Lib\site-packages\django\template\base.py", line 896, in _resolve_lookup
    current = current[int(bit)]
                      ^^^^^^^^
ValueError: invalid literal for int() with base 10: 'login_form'

During handling of the above exception, another exception occurred:

Traceback (most recent call last):
  File "C:\Users\PC-xi\Miniconda3\envs\dev_env\Lib\site-packages\django\template\base.py", line 903, in _resolve_lookup
    raise VariableDoesNotExist(
django.template.base.VariableDoesNotExist: Failed lookup for key [login_form] in [{'True': True, 'False': False, 'None': None}, {'csrf_token': <SimpleLazyObject: <function csrf.<locals>._get_val at 0x000002462B1A1F80>>, 'request': <ASGIRequest: GET '/users/login/'>, 'user': <SimpleLazyObject: <function AuthenticationMiddleware.process_request.<locals>.<lambda> at 0x000002462B0EC040>>, 'perms': PermWrapper(<SimpleLazyObject: <function AuthenticationMiddleware.process_request.<locals>.<lambda> at 0x000002462B0EC040>>), 'messages': <FallbackStorage: request=<ASGIRequest: GET '/users/login/'>>, 'DEFAULT_MESSAGE_LEVELS': {'DEBUG': 10, 'INFO': 20, 'SUCCESS': 25, 'WARNING': 30, 'ERROR': 40}, 'MEDIA_URL': '/media/'}, {}, {'block': <Block Node: body. Contents: [<TextNode: '\n<section>\n    <div class'>, <URLNode view_name=''index'' args=[] kwargs={} as=None>, <TextNode: '"></a>\n                <h'>, <URLNode view_name=''index'' args=[] kwargs={} as=None>, <TextNode: '">回到首页</a>\n            </'>, StaticNode(varname=None, path=<FilterExpression "'images/mysql.jpg'">), <TextNode: '" /></a></li>\n           '>, StaticNode(varname=None, path=<FilterExpression "'images/mysql.jpg'">), <TextNode: '" /></a></li>\n           '>, StaticNode(varname=None, path=<FilterExpression "'images/mysql.jpg'">), <TextNode: '" /></a></li>\n           '>, <IfNode>, <TextNode: '\n                <form ac'>, <URLNode view_name=''users:login'' args=[] kwargs={} as=None>, <TextNode: '" method="post" autocompl'>, <IfNode>, <TextNode: '">\n                      '>, <TextNode: '\n                        '>, <IfNode>, <TextNode: '">\n                      '>, <TextNode: '\n                        '>, <IfNode>, <TextNode: '\n                    </di'>, <URLNode view_name=''users:forgetpwd'' args=[] kwargs={} as=None>, <TextNode: '">忘记密码？</a>\n             '>, <django.template.defaulttags.CsrfTokenNode object at 0x000002462B18D9D0>, <TextNode: '\n                </form>\n'>, <URLNode view_name=''users:register'' args=[] kwargs={} as=None>, <TextNode: '">[立即注册]</a></p>\n        '>]>}]
DEBUG 2026-01-23 17:22:17,911 base 16388 26000 Exception while resolving variable 'login_form' in template 'login.html'.
Traceback (most recent call last):
  File "C:\Users\PC-xi\Miniconda3\envs\dev_env\Lib\site-packages\django\template\base.py", line 880, in _resolve_lookup
    current = current[bit]
              ~~~~~~~^^^^^
  File "C:\Users\PC-xi\Miniconda3\envs\dev_env\Lib\site-packages\django\template\context.py", line 83, in __getitem__
    raise KeyError(key)
KeyError: 'login_form'

During handling of the above exception, another exception occurred:

Traceback (most recent call last):
  File "C:\Users\PC-xi\Miniconda3\envs\dev_env\Lib\site-packages\django\template\base.py", line 886, in _resolve_lookup
    if isinstance(current, BaseContext) and getattr(
                                            ^^^^^^^^
AttributeError: type object 'RequestContext' has no attribute 'login_form'

During handling of the above exception, another exception occurred:

Traceback (most recent call last):
  File "C:\Users\PC-xi\Miniconda3\envs\dev_env\Lib\site-packages\django\template\base.py", line 896, in _resolve_lookup
    current = current[int(bit)]
                      ^^^^^^^^
ValueError: invalid literal for int() with base 10: 'login_form'

During handling of the above exception, another exception occurred:

Traceback (most recent call last):
  File "C:\Users\PC-xi\Miniconda3\envs\dev_env\Lib\site-packages\django\template\base.py", line 903, in _resolve_lookup
    raise VariableDoesNotExist(
django.template.base.VariableDoesNotExist: Failed lookup for key [login_form] in [{'True': True, 'False': False, 'None': None}, {'csrf_token': <SimpleLazyObject: <function csrf.<locals>._get_val at 0x000002462B1A1F80>>, 'request': <ASGIRequest: GET '/users/login/'>, 'user': <SimpleLazyObject: <function AuthenticationMiddleware.process_request.<locals>.<lambda> at 0x000002462B0EC040>>, 'perms': PermWrapper(<SimpleLazyObject: <function AuthenticationMiddleware.process_request.<locals>.<lambda> at 0x000002462B0EC040>>), 'messages': <FallbackStorage: request=<ASGIRequest: GET '/users/login/'>>, 'DEFAULT_MESSAGE_LEVELS': {'DEBUG': 10, 'INFO': 20, 'SUCCESS': 25, 'WARNING': 30, 'ERROR': 40}, 'MEDIA_URL': '/media/'}, {}, {'block': <Block Node: body. Contents: [<TextNode: '\n<section>\n    <div class'>, <URLNode view_name=''index'' args=[] kwargs={} as=None>, <TextNode: '"></a>\n                <h'>, <URLNode view_name=''index'' args=[] kwargs={} as=None>, <TextNode: '">回到首页</a>\n            </'>, StaticNode(varname=None, path=<FilterExpression "'images/mysql.jpg'">), <TextNode: '" /></a></li>\n           '>, StaticNode(varname=None, path=<FilterExpression "'images/mysql.jpg'">), <TextNode: '" /></a></li>\n           '>, StaticNode(varname=None, path=<FilterExpression "'images/mysql.jpg'">), <TextNode: '" /></a></li>\n           '>, <IfNode>, <TextNode: '\n                <form ac'>, <URLNode view_name=''users:login'' args=[] kwargs={} as=None>, <TextNode: '" method="post" autocompl'>, <IfNode>, <TextNode: '">\n                      '>, <TextNode: '\n                        '>, <IfNode>, <TextNode: '">\n                      '>, <TextNode: '\n                        '>, <IfNode>, <TextNode: '\n                    </di'>, <URLNode view_name=''users:forgetpwd'' args=[] kwargs={} as=None>, <TextNode: '">忘记密码？</a>\n             '>, <django.template.defaulttags.CsrfTokenNode object at 0x000002462B18D9D0>, <TextNode: '\n                </form>\n'>, <URLNode view_name=''users:register'' args=[] kwargs={} as=None>, <TextNode: '">[立即注册]</a></p>\n        '>]>}]
DEBUG 2026-01-23 17:22:17,913 base 16388 26000 Exception while resolving variable 'login_form' in template 'login.html'.
Traceback (most recent call last):
  File "C:\Users\PC-xi\Miniconda3\envs\dev_env\Lib\site-packages\django\template\base.py", line 880, in _resolve_lookup
    current = current[bit]
              ~~~~~~~^^^^^
  File "C:\Users\PC-xi\Miniconda3\envs\dev_env\Lib\site-packages\django\template\context.py", line 83, in __getitem__
    raise KeyError(key)
KeyError: 'login_form'

During handling of the above exception, another exception occurred:

Traceback (most recent call last):
  File "C:\Users\PC-xi\Miniconda3\envs\dev_env\Lib\site-packages\django\template\base.py", line 886, in _resolve_lookup
    if isinstance(current, BaseContext) and getattr(
                                            ^^^^^^^^
AttributeError: type object 'RequestContext' has no attribute 'login_form'

During handling of the above exception, another exception occurred:

Traceback (most recent call last):
  File "C:\Users\PC-xi\Miniconda3\envs\dev_env\Lib\site-packages\django\template\base.py", line 896, in _resolve_lookup
    current = current[int(bit)]
                      ^^^^^^^^
ValueError: invalid literal for int() with base 10: 'login_form'

During handling of the above exception, another exception occurred:

Traceback (most recent call last):
  File "C:\Users\PC-xi\Miniconda3\envs\dev_env\Lib\site-packages\django\template\base.py", line 903, in _resolve_lookup
    raise VariableDoesNotExist(
django.template.base.VariableDoesNotExist: Failed lookup for key [login_form] in [{'True': True, 'False': False, 'None': None}, {'csrf_token': <SimpleLazyObject: <function csrf.<locals>._get_val at 0x000002462B1A1F80>>, 'request': <ASGIRequest: GET '/users/login/'>, 'user': <SimpleLazyObject: <function AuthenticationMiddleware.process_request.<locals>.<lambda> at 0x000002462B0EC040>>, 'perms': PermWrapper(<SimpleLazyObject: <function AuthenticationMiddleware.process_request.<locals>.<lambda> at 0x000002462B0EC040>>), 'messages': <FallbackStorage: request=<ASGIRequest: GET '/users/login/'>>, 'DEFAULT_MESSAGE_LEVELS': {'DEBUG': 10, 'INFO': 20, 'SUCCESS': 25, 'WARNING': 30, 'ERROR': 40}, 'MEDIA_URL': '/media/'}, {}, {'block': <Block Node: body. Contents: [<TextNode: '\n<section>\n    <div class'>, <URLNode view_name=''index'' args=[] kwargs={} as=None>, <TextNode: '"></a>\n                <h'>, <URLNode view_name=''index'' args=[] kwargs={} as=None>, <TextNode: '">回到首页</a>\n            </'>, StaticNode(varname=None, path=<FilterExpression "'images/mysql.jpg'">), <TextNode: '" /></a></li>\n           '>, StaticNode(varname=None, path=<FilterExpression "'images/mysql.jpg'">), <TextNode: '" /></a></li>\n           '>, StaticNode(varname=None, path=<FilterExpression "'images/mysql.jpg'">), <TextNode: '" /></a></li>\n           '>, <IfNode>, <TextNode: '\n                <form ac'>, <URLNode view_name=''users:login'' args=[] kwargs={} as=None>, <TextNode: '" method="post" autocompl'>, <IfNode>, <TextNode: '">\n                      '>, <TextNode: '\n                        '>, <IfNode>, <TextNode: '">\n                      '>, <TextNode: '\n                        '>, <IfNode>, <TextNode: '\n                    </di'>, <URLNode view_name=''users:forgetpwd'' args=[] kwargs={} as=None>, <TextNode: '">忘记密码？</a>\n             '>, <django.template.defaulttags.CsrfTokenNode object at 0x000002462B18D9D0>, <TextNode: '\n                </form>\n'>, <URLNode view_name=''users:register'' args=[] kwargs={} as=None>, <TextNode: '">[立即注册]</a></p>\n        '>]>}]
DEBUG 2026-01-23 17:22:17,916 base 16388 26000 Exception while resolving variable 'msg' in template 'login.html'.
Traceback (most recent call last):
  File "C:\Users\PC-xi\Miniconda3\envs\dev_env\Lib\site-packages\django\template\base.py", line 880, in _resolve_lookup
    current = current[bit]
              ~~~~~~~^^^^^
  File "C:\Users\PC-xi\Miniconda3\envs\dev_env\Lib\site-packages\django\template\context.py", line 83, in __getitem__
    raise KeyError(key)
KeyError: 'msg'

During handling of the above exception, another exception occurred:

Traceback (most recent call last):
  File "C:\Users\PC-xi\Miniconda3\envs\dev_env\Lib\site-packages\django\template\base.py", line 886, in _resolve_lookup
    if isinstance(current, BaseContext) and getattr(
                                            ^^^^^^^^
AttributeError: type object 'RequestContext' has no attribute 'msg'

During handling of the above exception, another exception occurred:

Traceback (most recent call last):
  File "C:\Users\PC-xi\Miniconda3\envs\dev_env\Lib\site-packages\django\template\base.py", line 896, in _resolve_lookup
    current = current[int(bit)]
                      ^^^^^^^^
ValueError: invalid literal for int() with base 10: 'msg'

During handling of the above exception, another exception occurred:

Traceback (most recent call last):
  File "C:\Users\PC-xi\Miniconda3\envs\dev_env\Lib\site-packages\django\template\base.py", line 903, in _resolve_lookup
    raise VariableDoesNotExist(
django.template.base.VariableDoesNotExist: Failed lookup for key [msg] in [{'True': True, 'False': False, 'None': None}, {'csrf_token': <SimpleLazyObject: <function csrf.<locals>._get_val at 0x000002462B1A1F80>>, 'request': <ASGIRequest: GET '/users/login/'>, 'user': <SimpleLazyObject: <function AuthenticationMiddleware.process_request.<locals>.<lambda> at 0x000002462B0EC040>>, 'perms': PermWrapper(<SimpleLazyObject: <function AuthenticationMiddleware.process_request.<locals>.<lambda> at 0x000002462B0EC040>>), 'messages': <FallbackStorage: request=<ASGIRequest: GET '/users/login/'>>, 'DEFAULT_MESSAGE_LEVELS': {'DEBUG': 10, 'INFO': 20, 'SUCCESS': 25, 'WARNING': 30, 'ERROR': 40}, 'MEDIA_URL': '/media/'}, {}, {'block': <Block Node: body. Contents: [<TextNode: '\n<section>\n    <div class'>, <URLNode view_name=''index'' args=[] kwargs={} as=None>, <TextNode: '"></a>\n                <h'>, <URLNode view_name=''index'' args=[] kwargs={} as=None>, <TextNode: '">回到首页</a>\n            </'>, StaticNode(varname=None, path=<FilterExpression "'images/mysql.jpg'">), <TextNode: '" /></a></li>\n           '>, StaticNode(varname=None, path=<FilterExpression "'images/mysql.jpg'">), <TextNode: '" /></a></li>\n           '>, StaticNode(varname=None, path=<FilterExpression "'images/mysql.jpg'">), <TextNode: '" /></a></li>\n           '>, <IfNode>, <TextNode: '\n                <form ac'>, <URLNode view_name=''users:login'' args=[] kwargs={} as=None>, <TextNode: '" method="post" autocompl'>, <IfNode>, <TextNode: '">\n                      '>, <TextNode: '\n                        '>, <IfNode>, <TextNode: '">\n                      '>, <TextNode: '\n                        '>, <IfNode>, <TextNode: '\n                    </di'>, <URLNode view_name=''users:forgetpwd'' args=[] kwargs={} as=None>, <TextNode: '">忘记密码？</a>\n             '>, <django.template.defaulttags.CsrfTokenNode object at 0x000002462B18D9D0>, <TextNode: '\n                </form>\n'>, <URLNode view_name=''users:register'' args=[] kwargs={} as=None>, <TextNode: '">[立即注册]</a></p>\n        '>]>}]
DEBUG 2026-01-23 17:22:18,430 base 16388 28464 Exception while resolving variable 'keywords' in template 'index.html'.
Traceback (most recent call last):
  File "C:\Users\PC-xi\Miniconda3\envs\dev_env\Lib\site-packages\django\utils\datastructures.py", line 84, in __getitem__
    list_ = super().__getitem__(key)
            ^^^^^^^^^^^^^^^^^^^^^^^^
KeyError: 'keywords'

During handling of the above exception, another exception occurred:

Traceback (most recent call last):
  File "C:\Users\PC-xi\Miniconda3\envs\dev_env\Lib\site-packages\django\template\base.py", line 880, in _resolve_lookup
    current = current[bit]
              ~~~~~~~^^^^^
  File "C:\Users\PC-xi\Miniconda3\envs\dev_env\Lib\site-packages\django\utils\datastructures.py", line 86, in __getitem__
    raise MultiValueDictKeyError(key)
django.utils.datastructures.MultiValueDictKeyError: 'keywords'

During handling of the above exception, another exception occurred:

Traceback (most recent call last):
  File "C:\Users\PC-xi\Miniconda3\envs\dev_env\Lib\site-packages\django\template\base.py", line 890, in _resolve_lookup
    current = getattr(current, bit)
              ^^^^^^^^^^^^^^^^^^^^^
AttributeError: 'QueryDict' object has no attribute 'keywords'

During handling of the above exception, another exception occurred:

Traceback (most recent call last):
  File "C:\Users\PC-xi\Miniconda3\envs\dev_env\Lib\site-packages\django\template\base.py", line 896, in _resolve_lookup
    current = current[int(bit)]
                      ^^^^^^^^
ValueError: invalid literal for int() with base 10: 'keywords'

During handling of the above exception, another exception occurred:

Traceback (most recent call last):
  File "C:\Users\PC-xi\Miniconda3\envs\dev_env\Lib\site-packages\django\template\base.py", line 903, in _resolve_lookup
    raise VariableDoesNotExist(
django.template.base.VariableDoesNotExist: Failed lookup for key [keywords] in <QueryDict: {}>
DEBUG 2026-01-23 17:22:18,548 utils 16388 28464 (0.015) SELECT "users_banner"."id", "users_banner"."image", "users_banner"."banner_url", "users_banner"."order", "users_banner"."add_time" FROM "users_banner" ORDER BY "users_banner"."order" DESC LIMIT 3; args=(); alias=default
DEBUG 2026-01-23 17:22:18,554 utils 16388 28464 (0.000) SELECT "courses_courseinfo"."id", "courses_courseinfo"."course_org_id", "courses_courseinfo"."teacher_id", "courses_courseinfo"."name", "courses_courseinfo"."image", "courses_courseinfo"."desc", "courses_courseinfo"."degree", "courses_courseinfo"."students", "courses_courseinfo"."learn_time", "courses_courseinfo"."category", "courses_courseinfo"."fav_nums", "courses_courseinfo"."click_nums", "courses_courseinfo"."detail", "courses_courseinfo"."is_banner", "courses_courseinfo"."before_know", "courses_courseinfo"."teacher_tell", "courses_courseinfo"."add_time", "courses_courseinfo"."notice" FROM "courses_courseinfo" WHERE "courses_courseinfo"."is_banner" ORDER BY "courses_courseinfo"."click_nums" DESC LIMIT 3; args=(); alias=default
DEBUG 2026-01-23 17:22:18,555 utils 16388 28464 (0.000) SELECT "courses_courseinfo"."id", "courses_courseinfo"."course_org_id", "courses_courseinfo"."teacher_id", "courses_courseinfo"."name", "courses_courseinfo"."image", "courses_courseinfo"."desc", "courses_courseinfo"."degree", "courses_courseinfo"."students", "courses_courseinfo"."learn_time", "courses_courseinfo"."category", "courses_courseinfo"."fav_nums", "courses_courseinfo"."click_nums", "courses_courseinfo"."detail", "courses_courseinfo"."is_banner", "courses_courseinfo"."before_know", "courses_courseinfo"."teacher_tell", "courses_courseinfo"."add_time", "courses_courseinfo"."notice" FROM "courses_courseinfo" ORDER BY "courses_courseinfo"."click_nums" DESC LIMIT 6; args=(); alias=default
DEBUG 2026-01-23 17:22:18,558 utils 16388 28464 (0.016) SELECT "organizations_organizationinfo"."id", "organizations_organizationinfo"."category", "organizations_organizationinfo"."city_id", "organizations_organizationinfo"."name", "organizations_organizationinfo"."image", "organizations_organizationinfo"."students", "organizations_organizationinfo"."address", "organizations_organizationinfo"."desc", "organizations_organizationinfo"."add_time", "organizations_organizationinfo"."is_authentication", "organizations_organizationinfo"."is_gold", "organizations_organizationinfo"."course_nums", "organizations_organizationinfo"."tag", "organizations_organizationinfo"."click_nums", "organizations_organizationinfo"."fav_nums" FROM "organizations_organizationinfo" ORDER BY "organizations_organizationinfo"."course_nums" DESC LIMIT 15; args=(); alias=default
DEBUG 2026-01-23 17:22:18,932 base 9272 24304 Asynchronous handler adapted for middleware whitenoise.middleware.WhiteNoiseMiddleware.
DEBUG 2026-01-23 17:22:25,637 base 16388 28376 Exception while resolving variable 'keywords' in template 'index.html'.
Traceback (most recent call last):
  File "C:\Users\PC-xi\Miniconda3\envs\dev_env\Lib\site-packages\django\utils\datastructures.py", line 84, in __getitem__
    list_ = super().__getitem__(key)
            ^^^^^^^^^^^^^^^^^^^^^^^^
KeyError: 'keywords'

During handling of the above exception, another exception occurred:

Traceback (most recent call last):
  File "C:\Users\PC-xi\Miniconda3\envs\dev_env\Lib\site-packages\django\template\base.py", line 880, in _resolve_lookup
    current = current[bit]
              ~~~~~~~^^^^^
  File "C:\Users\PC-xi\Miniconda3\envs\dev_env\Lib\site-packages\django\utils\datastructures.py", line 86, in __getitem__
    raise MultiValueDictKeyError(key)
django.utils.datastructures.MultiValueDictKeyError: 'keywords'

During handling of the above exception, another exception occurred:

Traceback (most recent call last):
  File "C:\Users\PC-xi\Miniconda3\envs\dev_env\Lib\site-packages\django\template\base.py", line 890, in _resolve_lookup
    current = getattr(current, bit)
              ^^^^^^^^^^^^^^^^^^^^^
AttributeError: 'QueryDict' object has no attribute 'keywords'

During handling of the above exception, another exception occurred:

Traceback (most recent call last):
  File "C:\Users\PC-xi\Miniconda3\envs\dev_env\Lib\site-packages\django\template\base.py", line 896, in _resolve_lookup
    current = current[int(bit)]
                      ^^^^^^^^
ValueError: invalid literal for int() with base 10: 'keywords'

During handling of the above exception, another exception occurred:

Traceback (most recent call last):
  File "C:\Users\PC-xi\Miniconda3\envs\dev_env\Lib\site-packages\django\template\base.py", line 903, in _resolve_lookup
    raise VariableDoesNotExist(
django.template.base.VariableDoesNotExist: Failed lookup for key [keywords] in <QueryDict: {}>
DEBUG 2026-01-23 17:22:25,685 utils 16388 28376 (0.000) SELECT "users_banner"."id", "users_banner"."image", "users_banner"."banner_url", "users_banner"."order", "users_banner"."add_time" FROM "users_banner" ORDER BY "users_banner"."order" DESC LIMIT 3; args=(); alias=default
DEBUG 2026-01-23 17:22:25,687 utils 16388 28376 (0.000) SELECT "courses_courseinfo"."id", "courses_courseinfo"."course_org_id", "courses_courseinfo"."teacher_id", "courses_courseinfo"."name", "courses_courseinfo"."image", "courses_courseinfo"."desc", "courses_courseinfo"."degree", "courses_courseinfo"."students", "courses_courseinfo"."learn_time", "courses_courseinfo"."category", "courses_courseinfo"."fav_nums", "courses_courseinfo"."click_nums", "courses_courseinfo"."detail", "courses_courseinfo"."is_banner", "courses_courseinfo"."before_know", "courses_courseinfo"."teacher_tell", "courses_courseinfo"."add_time", "courses_courseinfo"."notice" FROM "courses_courseinfo" WHERE "courses_courseinfo"."is_banner" ORDER BY "courses_courseinfo"."click_nums" DESC LIMIT 3; args=(); alias=default
DEBUG 2026-01-23 17:22:25,688 utils 16388 28376 (0.000) SELECT "courses_courseinfo"."id", "courses_courseinfo"."course_org_id", "courses_courseinfo"."teacher_id", "courses_courseinfo"."name", "courses_courseinfo"."image", "courses_courseinfo"."desc", "courses_courseinfo"."degree", "courses_courseinfo"."students", "courses_courseinfo"."learn_time", "courses_courseinfo"."category", "courses_courseinfo"."fav_nums", "courses_courseinfo"."click_nums", "courses_courseinfo"."detail", "courses_courseinfo"."is_banner", "courses_courseinfo"."before_know", "courses_courseinfo"."teacher_tell", "courses_courseinfo"."add_time", "courses_courseinfo"."notice" FROM "courses_courseinfo" ORDER BY "courses_courseinfo"."click_nums" DESC LIMIT 6; args=(); alias=default
DEBUG 2026-01-23 17:22:25,689 utils 16388 28376 (0.000) SELECT "organizations_organizationinfo"."id", "organizations_organizationinfo"."category", "organizations_organizationinfo"."city_id", "organizations_organizationinfo"."name", "organizations_organizationinfo"."image", "organizations_organizationinfo"."students", "organizations_organizationinfo"."address", "organizations_organizationinfo"."desc", "organizations_organizationinfo"."add_time", "organizations_organizationinfo"."is_authentication", "organizations_organizationinfo"."is_gold", "organizations_organizationinfo"."course_nums", "organizations_organizationinfo"."tag", "organizations_organizationinfo"."click_nums", "organizations_organizationinfo"."fav_nums" FROM "organizations_organizationinfo" ORDER BY "organizations_organizationinfo"."course_nums" DESC LIMIT 15; args=(); alias=default
DEBUG 2026-01-23 17:22:48,539 base 16388 23168 Exception while resolving variable 'keywords' in template 'index.html'.
Traceback (most recent call last):
  File "C:\Users\PC-xi\Miniconda3\envs\dev_env\Lib\site-packages\django\utils\datastructures.py", line 84, in __getitem__
    list_ = super().__getitem__(key)
            ^^^^^^^^^^^^^^^^^^^^^^^^
KeyError: 'keywords'

During handling of the above exception, another exception occurred:

Traceback (most recent call last):
  File "C:\Users\PC-xi\Miniconda3\envs\dev_env\Lib\site-packages\django\template\base.py", line 880, in _resolve_lookup
    current = current[bit]
              ~~~~~~~^^^^^
  File "C:\Users\PC-xi\Miniconda3\envs\dev_env\Lib\site-packages\django\utils\datastructures.py", line 86, in __getitem__
    raise MultiValueDictKeyError(key)
django.utils.datastructures.MultiValueDictKeyError: 'keywords'

During handling of the above exception, another exception occurred:

Traceback (most recent call last):
  File "C:\Users\PC-xi\Miniconda3\envs\dev_env\Lib\site-packages\django\template\base.py", line 890, in _resolve_lookup
    current = getattr(current, bit)
              ^^^^^^^^^^^^^^^^^^^^^
AttributeError: 'QueryDict' object has no attribute 'keywords'

During handling of the above exception, another exception occurred:

Traceback (most recent call last):
  File "C:\Users\PC-xi\Miniconda3\envs\dev_env\Lib\site-packages\django\template\base.py", line 896, in _resolve_lookup
    current = current[int(bit)]
                      ^^^^^^^^
ValueError: invalid literal for int() with base 10: 'keywords'

During handling of the above exception, another exception occurred:

Traceback (most recent call last):
  File "C:\Users\PC-xi\Miniconda3\envs\dev_env\Lib\site-packages\django\template\base.py", line 903, in _resolve_lookup
    raise VariableDoesNotExist(
django.template.base.VariableDoesNotExist: Failed lookup for key [keywords] in <QueryDict: {}>
DEBUG 2026-01-23 17:22:48,586 utils 16388 23168 (0.000) SELECT "users_banner"."id", "users_banner"."image", "users_banner"."banner_url", "users_banner"."order", "users_banner"."add_time" FROM "users_banner" ORDER BY "users_banner"."order" DESC LIMIT 3; args=(); alias=default
DEBUG 2026-01-23 17:22:48,589 utils 16388 23168 (0.000) SELECT "courses_courseinfo"."id", "courses_courseinfo"."course_org_id", "courses_courseinfo"."teacher_id", "courses_courseinfo"."name", "courses_courseinfo"."image", "courses_courseinfo"."desc", "courses_courseinfo"."degree", "courses_courseinfo"."students", "courses_courseinfo"."learn_time", "courses_courseinfo"."category", "courses_courseinfo"."fav_nums", "courses_courseinfo"."click_nums", "courses_courseinfo"."detail", "courses_courseinfo"."is_banner", "courses_courseinfo"."before_know", "courses_courseinfo"."teacher_tell", "courses_courseinfo"."add_time", "courses_courseinfo"."notice" FROM "courses_courseinfo" WHERE "courses_courseinfo"."is_banner" ORDER BY "courses_courseinfo"."click_nums" DESC LIMIT 3; args=(); alias=default
DEBUG 2026-01-23 17:22:48,590 utils 16388 23168 (0.000) SELECT "courses_courseinfo"."id", "courses_courseinfo"."course_org_id", "courses_courseinfo"."teacher_id", "courses_courseinfo"."name", "courses_courseinfo"."image", "courses_courseinfo"."desc", "courses_courseinfo"."degree", "courses_courseinfo"."students", "courses_courseinfo"."learn_time", "courses_courseinfo"."category", "courses_courseinfo"."fav_nums", "courses_courseinfo"."click_nums", "courses_courseinfo"."detail", "courses_courseinfo"."is_banner", "courses_courseinfo"."before_know", "courses_courseinfo"."teacher_tell", "courses_courseinfo"."add_time", "courses_courseinfo"."notice" FROM "courses_courseinfo" ORDER BY "courses_courseinfo"."click_nums" DESC LIMIT 6; args=(); alias=default
DEBUG 2026-01-23 17:22:48,591 utils 16388 23168 (0.000) SELECT "organizations_organizationinfo"."id", "organizations_organizationinfo"."category", "organizations_organizationinfo"."city_id", "organizations_organizationinfo"."name", "organizations_organizationinfo"."image", "organizations_organizationinfo"."students", "organizations_organizationinfo"."address", "organizations_organizationinfo"."desc", "organizations_organizationinfo"."add_time", "organizations_organizationinfo"."is_authentication", "organizations_organizationinfo"."is_gold", "organizations_organizationinfo"."course_nums", "organizations_organizationinfo"."tag", "organizations_organizationinfo"."click_nums", "organizations_organizationinfo"."fav_nums" FROM "organizations_organizationinfo" ORDER BY "organizations_organizationinfo"."course_nums" DESC LIMIT 15; args=(); alias=default
DEBUG 2026-01-23 17:22:49,820 base 16388 21368 Exception while resolving variable 'keywords' in template 'index.html'.
Traceback (most recent call last):
  File "C:\Users\PC-xi\Miniconda3\envs\dev_env\Lib\site-packages\django\utils\datastructures.py", line 84, in __getitem__
    list_ = super().__getitem__(key)
            ^^^^^^^^^^^^^^^^^^^^^^^^
KeyError: 'keywords'

During handling of the above exception, another exception occurred:

Traceback (most recent call last):
  File "C:\Users\PC-xi\Miniconda3\envs\dev_env\Lib\site-packages\django\template\base.py", line 880, in _resolve_lookup
    current = current[bit]
              ~~~~~~~^^^^^
  File "C:\Users\PC-xi\Miniconda3\envs\dev_env\Lib\site-packages\django\utils\datastructures.py", line 86, in __getitem__
    raise MultiValueDictKeyError(key)
django.utils.datastructures.MultiValueDictKeyError: 'keywords'

During handling of the above exception, another exception occurred:

Traceback (most recent call last):
  File "C:\Users\PC-xi\Miniconda3\envs\dev_env\Lib\site-packages\django\template\base.py", line 890, in _resolve_lookup
    current = getattr(current, bit)
              ^^^^^^^^^^^^^^^^^^^^^
AttributeError: 'QueryDict' object has no attribute 'keywords'

During handling of the above exception, another exception occurred:

Traceback (most recent call last):
  File "C:\Users\PC-xi\Miniconda3\envs\dev_env\Lib\site-packages\django\template\base.py", line 896, in _resolve_lookup
    current = current[int(bit)]
                      ^^^^^^^^
ValueError: invalid literal for int() with base 10: 'keywords'

During handling of the above exception, another exception occurred:

Traceback (most recent call last):
  File "C:\Users\PC-xi\Miniconda3\envs\dev_env\Lib\site-packages\django\template\base.py", line 903, in _resolve_lookup
    raise VariableDoesNotExist(
django.template.base.VariableDoesNotExist: Failed lookup for key [keywords] in <QueryDict: {}>
DEBUG 2026-01-23 17:22:49,865 utils 16388 21368 (0.000) SELECT "users_banner"."id", "users_banner"."image", "users_banner"."banner_url", "users_banner"."order", "users_banner"."add_time" FROM "users_banner" ORDER BY "users_banner"."order" DESC LIMIT 3; args=(); alias=default
DEBUG 2026-01-23 17:22:49,867 utils 16388 21368 (0.000) SELECT "courses_courseinfo"."id", "courses_courseinfo"."course_org_id", "courses_courseinfo"."teacher_id", "courses_courseinfo"."name", "courses_courseinfo"."image", "courses_courseinfo"."desc", "courses_courseinfo"."degree", "courses_courseinfo"."students", "courses_courseinfo"."learn_time", "courses_courseinfo"."category", "courses_courseinfo"."fav_nums", "courses_courseinfo"."click_nums", "courses_courseinfo"."detail", "courses_courseinfo"."is_banner", "courses_courseinfo"."before_know", "courses_courseinfo"."teacher_tell", "courses_courseinfo"."add_time", "courses_courseinfo"."notice" FROM "courses_courseinfo" WHERE "courses_courseinfo"."is_banner" ORDER BY "courses_courseinfo"."click_nums" DESC LIMIT 3; args=(); alias=default
DEBUG 2026-01-23 17:22:49,868 utils 16388 21368 (0.016) SELECT "courses_courseinfo"."id", "courses_courseinfo"."course_org_id", "courses_courseinfo"."teacher_id", "courses_courseinfo"."name", "courses_courseinfo"."image", "courses_courseinfo"."desc", "courses_courseinfo"."degree", "courses_courseinfo"."students", "courses_courseinfo"."learn_time", "courses_courseinfo"."category", "courses_courseinfo"."fav_nums", "courses_courseinfo"."click_nums", "courses_courseinfo"."detail", "courses_courseinfo"."is_banner", "courses_courseinfo"."before_know", "courses_courseinfo"."teacher_tell", "courses_courseinfo"."add_time", "courses_courseinfo"."notice" FROM "courses_courseinfo" ORDER BY "courses_courseinfo"."click_nums" DESC LIMIT 6; args=(); alias=default
DEBUG 2026-01-23 17:22:49,870 utils 16388 21368 (0.000) SELECT "organizations_organizationinfo"."id", "organizations_organizationinfo"."category", "organizations_organizationinfo"."city_id", "organizations_organizationinfo"."name", "organizations_organizationinfo"."image", "organizations_organizationinfo"."students", "organizations_organizationinfo"."address", "organizations_organizationinfo"."desc", "organizations_organizationinfo"."add_time", "organizations_organizationinfo"."is_authentication", "organizations_organizationinfo"."is_gold", "organizations_organizationinfo"."course_nums", "organizations_organizationinfo"."tag", "organizations_organizationinfo"."click_nums", "organizations_organizationinfo"."fav_nums" FROM "organizations_organizationinfo" ORDER BY "organizations_organizationinfo"."course_nums" DESC LIMIT 15; args=(); alias=default
DEBUG 2026-01-23 17:23:11,860 base 17764 20564 Asynchronous handler adapted for middleware whitenoise.middleware.WhiteNoiseMiddleware.
DEBUG 2026-01-23 17:23:11,951 base 17764 11068 Exception while resolving variable 'keywords' in template 'index.html'.
Traceback (most recent call last):
  File "C:\Users\PC-xi\Miniconda3\envs\dev_env\Lib\site-packages\django\utils\datastructures.py", line 84, in __getitem__
    list_ = super().__getitem__(key)
            ^^^^^^^^^^^^^^^^^^^^^^^^
KeyError: 'keywords'

During handling of the above exception, another exception occurred:

Traceback (most recent call last):
  File "C:\Users\PC-xi\Miniconda3\envs\dev_env\Lib\site-packages\django\template\base.py", line 880, in _resolve_lookup
    current = current[bit]
              ~~~~~~~^^^^^
  File "C:\Users\PC-xi\Miniconda3\envs\dev_env\Lib\site-packages\django\utils\datastructures.py", line 86, in __getitem__
    raise MultiValueDictKeyError(key)
django.utils.datastructures.MultiValueDictKeyError: 'keywords'

During handling of the above exception, another exception occurred:

Traceback (most recent call last):
  File "C:\Users\PC-xi\Miniconda3\envs\dev_env\Lib\site-packages\django\template\base.py", line 890, in _resolve_lookup
    current = getattr(current, bit)
              ^^^^^^^^^^^^^^^^^^^^^
AttributeError: 'QueryDict' object has no attribute 'keywords'

During handling of the above exception, another exception occurred:

Traceback (most recent call last):
  File "C:\Users\PC-xi\Miniconda3\envs\dev_env\Lib\site-packages\django\template\base.py", line 896, in _resolve_lookup
    current = current[int(bit)]
                      ^^^^^^^^
ValueError: invalid literal for int() with base 10: 'keywords'

During handling of the above exception, another exception occurred:

Traceback (most recent call last):
  File "C:\Users\PC-xi\Miniconda3\envs\dev_env\Lib\site-packages\django\template\base.py", line 903, in _resolve_lookup
    raise VariableDoesNotExist(
django.template.base.VariableDoesNotExist: Failed lookup for key [keywords] in <QueryDict: {}>
DEBUG 2026-01-23 17:23:12,121 utils 17764 11068 (0.000) SELECT "users_banner"."id", "users_banner"."image", "users_banner"."banner_url", "users_banner"."order", "users_banner"."add_time" FROM "users_banner" ORDER BY "users_banner"."order" DESC LIMIT 3; args=(); alias=default
DEBUG 2026-01-23 17:23:12,124 utils 17764 11068 (0.000) SELECT "courses_courseinfo"."id", "courses_courseinfo"."course_org_id", "courses_courseinfo"."teacher_id", "courses_courseinfo"."name", "courses_courseinfo"."image", "courses_courseinfo"."desc", "courses_courseinfo"."degree", "courses_courseinfo"."students", "courses_courseinfo"."learn_time", "courses_courseinfo"."category", "courses_courseinfo"."fav_nums", "courses_courseinfo"."click_nums", "courses_courseinfo"."detail", "courses_courseinfo"."is_banner", "courses_courseinfo"."before_know", "courses_courseinfo"."teacher_tell", "courses_courseinfo"."add_time", "courses_courseinfo"."notice" FROM "courses_courseinfo" WHERE "courses_courseinfo"."is_banner" ORDER BY "courses_courseinfo"."click_nums" DESC LIMIT 3; args=(); alias=default
DEBUG 2026-01-23 17:23:12,125 utils 17764 11068 (0.000) SELECT "courses_courseinfo"."id", "courses_courseinfo"."course_org_id", "courses_courseinfo"."teacher_id", "courses_courseinfo"."name", "courses_courseinfo"."image", "courses_courseinfo"."desc", "courses_courseinfo"."degree", "courses_courseinfo"."students", "courses_courseinfo"."learn_time", "courses_courseinfo"."category", "courses_courseinfo"."fav_nums", "courses_courseinfo"."click_nums", "courses_courseinfo"."detail", "courses_courseinfo"."is_banner", "courses_courseinfo"."before_know", "courses_courseinfo"."teacher_tell", "courses_courseinfo"."add_time", "courses_courseinfo"."notice" FROM "courses_courseinfo" ORDER BY "courses_courseinfo"."click_nums" DESC LIMIT 6; args=(); alias=default
DEBUG 2026-01-23 17:23:12,127 utils 17764 11068 (0.000) SELECT "organizations_organizationinfo"."id", "organizations_organizationinfo"."category", "organizations_organizationinfo"."city_id", "organizations_organizationinfo"."name", "organizations_organizationinfo"."image", "organizations_organizationinfo"."students", "organizations_organizationinfo"."address", "organizations_organizationinfo"."desc", "organizations_organizationinfo"."add_time", "organizations_organizationinfo"."is_authentication", "organizations_organizationinfo"."is_gold", "organizations_organizationinfo"."course_nums", "organizations_organizationinfo"."tag", "organizations_organizationinfo"."click_nums", "organizations_organizationinfo"."fav_nums" FROM "organizations_organizationinfo" ORDER BY "organizations_organizationinfo"."course_nums" DESC LIMIT 15; args=(); alias=default
DEBUG 2026-01-23 17:23:45,331 base 17764 4688 Exception while resolving variable 'keywords' in template 'index.html'.
Traceback (most recent call last):
  File "C:\Users\PC-xi\Miniconda3\envs\dev_env\Lib\site-packages\django\utils\datastructures.py", line 84, in __getitem__
    list_ = super().__getitem__(key)
            ^^^^^^^^^^^^^^^^^^^^^^^^
KeyError: 'keywords'

During handling of the above exception, another exception occurred:

Traceback (most recent call last):
  File "C:\Users\PC-xi\Miniconda3\envs\dev_env\Lib\site-packages\django\template\base.py", line 880, in _resolve_lookup
    current = current[bit]
              ~~~~~~~^^^^^
  File "C:\Users\PC-xi\Miniconda3\envs\dev_env\Lib\site-packages\django\utils\datastructures.py", line 86, in __getitem__
    raise MultiValueDictKeyError(key)
django.utils.datastructures.MultiValueDictKeyError: 'keywords'

During handling of the above exception, another exception occurred:

Traceback (most recent call last):
  File "C:\Users\PC-xi\Miniconda3\envs\dev_env\Lib\site-packages\django\template\base.py", line 890, in _resolve_lookup
    current = getattr(current, bit)
              ^^^^^^^^^^^^^^^^^^^^^
AttributeError: 'QueryDict' object has no attribute 'keywords'

During handling of the above exception, another exception occurred:

Traceback (most recent call last):
  File "C:\Users\PC-xi\Miniconda3\envs\dev_env\Lib\site-packages\django\template\base.py", line 896, in _resolve_lookup
    current = current[int(bit)]
                      ^^^^^^^^
ValueError: invalid literal for int() with base 10: 'keywords'

During handling of the above exception, another exception occurred:

Traceback (most recent call last):
  File "C:\Users\PC-xi\Miniconda3\envs\dev_env\Lib\site-packages\django\template\base.py", line 903, in _resolve_lookup
    raise VariableDoesNotExist(
django.template.base.VariableDoesNotExist: Failed lookup for key [keywords] in <QueryDict: {}>
DEBUG 2026-01-23 17:23:45,462 utils 17764 4688 (0.000) SELECT "users_banner"."id", "users_banner"."image", "users_banner"."banner_url", "users_banner"."order", "users_banner"."add_time" FROM "users_banner" ORDER BY "users_banner"."order" DESC LIMIT 3; args=(); alias=default
DEBUG 2026-01-23 17:23:45,465 utils 17764 4688 (0.000) SELECT "courses_courseinfo"."id", "courses_courseinfo"."course_org_id", "courses_courseinfo"."teacher_id", "courses_courseinfo"."name", "courses_courseinfo"."image", "courses_courseinfo"."desc", "courses_courseinfo"."degree", "courses_courseinfo"."students", "courses_courseinfo"."learn_time", "courses_courseinfo"."category", "courses_courseinfo"."fav_nums", "courses_courseinfo"."click_nums", "courses_courseinfo"."detail", "courses_courseinfo"."is_banner", "courses_courseinfo"."before_know", "courses_courseinfo"."teacher_tell", "courses_courseinfo"."add_time", "courses_courseinfo"."notice" FROM "courses_courseinfo" WHERE "courses_courseinfo"."is_banner" ORDER BY "courses_courseinfo"."click_nums" DESC LIMIT 3; args=(); alias=default
DEBUG 2026-01-23 17:23:45,466 utils 17764 4688 (0.000) SELECT "courses_courseinfo"."id", "courses_courseinfo"."course_org_id", "courses_courseinfo"."teacher_id", "courses_courseinfo"."name", "courses_courseinfo"."image", "courses_courseinfo"."desc", "courses_courseinfo"."degree", "courses_courseinfo"."students", "courses_courseinfo"."learn_time", "courses_courseinfo"."category", "courses_courseinfo"."fav_nums", "courses_courseinfo"."click_nums", "courses_courseinfo"."detail", "courses_courseinfo"."is_banner", "courses_courseinfo"."before_know", "courses_courseinfo"."teacher_tell", "courses_courseinfo"."add_time", "courses_courseinfo"."notice" FROM "courses_courseinfo" ORDER BY "courses_courseinfo"."click_nums" DESC LIMIT 6; args=(); alias=default
DEBUG 2026-01-23 17:23:45,467 utils 17764 4688 (0.000) SELECT "organizations_organizationinfo"."id", "organizations_organizationinfo"."category", "organizations_organizationinfo"."city_id", "organizations_organizationinfo"."name", "organizations_organizationinfo"."image", "organizations_organizationinfo"."students", "organizations_organizationinfo"."address", "organizations_organizationinfo"."desc", "organizations_organizationinfo"."add_time", "organizations_organizationinfo"."is_authentication", "organizations_organizationinfo"."is_gold", "organizations_organizationinfo"."course_nums", "organizations_organizationinfo"."tag", "organizations_organizationinfo"."click_nums", "organizations_organizationinfo"."fav_nums" FROM "organizations_organizationinfo" ORDER BY "organizations_organizationinfo"."course_nums" DESC LIMIT 15; args=(); alias=default
DEBUG 2026-01-23 17:23:46,638 base 17764 28192 Exception while resolving variable 'pwdreset_msg' in template 'login.html'.
Traceback (most recent call last):
  File "C:\Users\PC-xi\Miniconda3\envs\dev_env\Lib\site-packages\django\template\base.py", line 880, in _resolve_lookup
    current = current[bit]
              ~~~~~~~^^^^^
  File "C:\Users\PC-xi\Miniconda3\envs\dev_env\Lib\site-packages\django\template\context.py", line 83, in __getitem__
    raise KeyError(key)
KeyError: 'pwdreset_msg'

During handling of the above exception, another exception occurred:

Traceback (most recent call last):
  File "C:\Users\PC-xi\Miniconda3\envs\dev_env\Lib\site-packages\django\template\base.py", line 886, in _resolve_lookup
    if isinstance(current, BaseContext) and getattr(
                                            ^^^^^^^^
AttributeError: type object 'RequestContext' has no attribute 'pwdreset_msg'

During handling of the above exception, another exception occurred:

Traceback (most recent call last):
  File "C:\Users\PC-xi\Miniconda3\envs\dev_env\Lib\site-packages\django\template\base.py", line 896, in _resolve_lookup
    current = current[int(bit)]
                      ^^^^^^^^
ValueError: invalid literal for int() with base 10: 'pwdreset_msg'

During handling of the above exception, another exception occurred:

Traceback (most recent call last):
  File "C:\Users\PC-xi\Miniconda3\envs\dev_env\Lib\site-packages\django\template\base.py", line 903, in _resolve_lookup
    raise VariableDoesNotExist(
django.template.base.VariableDoesNotExist: Failed lookup for key [pwdreset_msg] in [{'True': True, 'False': False, 'None': None}, {'csrf_token': <SimpleLazyObject: <function csrf.<locals>._get_val at 0x000001FC3EB62340>>, 'request': <ASGIRequest: GET '/users/login/'>, 'user': <SimpleLazyObject: <function AuthenticationMiddleware.process_request.<locals>.<lambda> at 0x000001FC3EB620C0>>, 'perms': PermWrapper(<SimpleLazyObject: <function AuthenticationMiddleware.process_request.<locals>.<lambda> at 0x000001FC3EB620C0>>), 'messages': <FallbackStorage: request=<ASGIRequest: GET '/users/login/'>>, 'DEFAULT_MESSAGE_LEVELS': {'DEBUG': 10, 'INFO': 20, 'SUCCESS': 25, 'WARNING': 30, 'ERROR': 40}, 'MEDIA_URL': '/media/'}, {}, {'block': <Block Node: body. Contents: [<TextNode: '\n<section>\n    <div class'>, <URLNode view_name=''index'' args=[] kwargs={} as=None>, <TextNode: '"></a>\n                <h'>, <URLNode view_name=''index'' args=[] kwargs={} as=None>, <TextNode: '">回到首页</a>\n            </'>, StaticNode(varname=None, path=<FilterExpression "'images/mysql.jpg'">), <TextNode: '" /></a></li>\n           '>, StaticNode(varname=None, path=<FilterExpression "'images/mysql.jpg'">), <TextNode: '" /></a></li>\n           '>, StaticNode(varname=None, path=<FilterExpression "'images/mysql.jpg'">), <TextNode: '" /></a></li>\n           '>, <IfNode>, <TextNode: '\n                <form ac'>, <URLNode view_name=''users:login'' args=[] kwargs={} as=None>, <TextNode: '" method="post" autocompl'>, <IfNode>, <TextNode: '">\n                      '>, <TextNode: '\n                        '>, <IfNode>, <TextNode: '">\n                      '>, <TextNode: '\n                        '>, <IfNode>, <TextNode: '\n                    </di'>, <URLNode view_name=''users:forgetpwd'' args=[] kwargs={} as=None>, <TextNode: '">忘记密码？</a>\n             '>, <django.template.defaulttags.CsrfTokenNode object at 0x000001FC3EB79580>, <TextNode: '\n                </form>\n'>, <URLNode view_name=''users:register'' args=[] kwargs={} as=None>, <TextNode: '">[立即注册]</a></p>\n        '>]>}]
DEBUG 2026-01-23 17:23:46,641 base 17764 28192 Exception while resolving variable 'login_form' in template 'login.html'.
Traceback (most recent call last):
  File "C:\Users\PC-xi\Miniconda3\envs\dev_env\Lib\site-packages\django\template\base.py", line 880, in _resolve_lookup
    current = current[bit]
              ~~~~~~~^^^^^
  File "C:\Users\PC-xi\Miniconda3\envs\dev_env\Lib\site-packages\django\template\context.py", line 83, in __getitem__
    raise KeyError(key)
KeyError: 'login_form'

During handling of the above exception, another exception occurred:

Traceback (most recent call last):
  File "C:\Users\PC-xi\Miniconda3\envs\dev_env\Lib\site-packages\django\template\base.py", line 886, in _resolve_lookup
    if isinstance(current, BaseContext) and getattr(
                                            ^^^^^^^^
AttributeError: type object 'RequestContext' has no attribute 'login_form'

During handling of the above exception, another exception occurred:

Traceback (most recent call last):
  File "C:\Users\PC-xi\Miniconda3\envs\dev_env\Lib\site-packages\django\template\base.py", line 896, in _resolve_lookup
    current = current[int(bit)]
                      ^^^^^^^^
ValueError: invalid literal for int() with base 10: 'login_form'

During handling of the above exception, another exception occurred:

Traceback (most recent call last):
  File "C:\Users\PC-xi\Miniconda3\envs\dev_env\Lib\site-packages\django\template\base.py", line 903, in _resolve_lookup
    raise VariableDoesNotExist(
django.template.base.VariableDoesNotExist: Failed lookup for key [login_form] in [{'True': True, 'False': False, 'None': None}, {'csrf_token': <SimpleLazyObject: <function csrf.<locals>._get_val at 0x000001FC3EB62340>>, 'request': <ASGIRequest: GET '/users/login/'>, 'user': <SimpleLazyObject: <function AuthenticationMiddleware.process_request.<locals>.<lambda> at 0x000001FC3EB620C0>>, 'perms': PermWrapper(<SimpleLazyObject: <function AuthenticationMiddleware.process_request.<locals>.<lambda> at 0x000001FC3EB620C0>>), 'messages': <FallbackStorage: request=<ASGIRequest: GET '/users/login/'>>, 'DEFAULT_MESSAGE_LEVELS': {'DEBUG': 10, 'INFO': 20, 'SUCCESS': 25, 'WARNING': 30, 'ERROR': 40}, 'MEDIA_URL': '/media/'}, {}, {'block': <Block Node: body. Contents: [<TextNode: '\n<section>\n    <div class'>, <URLNode view_name=''index'' args=[] kwargs={} as=None>, <TextNode: '"></a>\n                <h'>, <URLNode view_name=''index'' args=[] kwargs={} as=None>, <TextNode: '">回到首页</a>\n            </'>, StaticNode(varname=None, path=<FilterExpression "'images/mysql.jpg'">), <TextNode: '" /></a></li>\n           '>, StaticNode(varname=None, path=<FilterExpression "'images/mysql.jpg'">), <TextNode: '" /></a></li>\n           '>, StaticNode(varname=None, path=<FilterExpression "'images/mysql.jpg'">), <TextNode: '" /></a></li>\n           '>, <IfNode>, <TextNode: '\n                <form ac'>, <URLNode view_name=''users:login'' args=[] kwargs={} as=None>, <TextNode: '" method="post" autocompl'>, <IfNode>, <TextNode: '">\n                      '>, <TextNode: '\n                        '>, <IfNode>, <TextNode: '">\n                      '>, <TextNode: '\n                        '>, <IfNode>, <TextNode: '\n                    </di'>, <URLNode view_name=''users:forgetpwd'' args=[] kwargs={} as=None>, <TextNode: '">忘记密码？</a>\n             '>, <django.template.defaulttags.CsrfTokenNode object at 0x000001FC3EB79580>, <TextNode: '\n                </form>\n'>, <URLNode view_name=''users:register'' args=[] kwargs={} as=None>, <TextNode: '">[立即注册]</a></p>\n        '>]>}]
DEBUG 2026-01-23 17:23:46,643 base 17764 28192 Exception while resolving variable 'login_form' in template 'login.html'.
Traceback (most recent call last):
  File "C:\Users\PC-xi\Miniconda3\envs\dev_env\Lib\site-packages\django\template\base.py", line 880, in _resolve_lookup
    current = current[bit]
              ~~~~~~~^^^^^
  File "C:\Users\PC-xi\Miniconda3\envs\dev_env\Lib\site-packages\django\template\context.py", line 83, in __getitem__
    raise KeyError(key)
KeyError: 'login_form'

During handling of the above exception, another exception occurred:

Traceback (most recent call last):
  File "C:\Users\PC-xi\Miniconda3\envs\dev_env\Lib\site-packages\django\template\base.py", line 886, in _resolve_lookup
    if isinstance(current, BaseContext) and getattr(
                                            ^^^^^^^^
AttributeError: type object 'RequestContext' has no attribute 'login_form'

During handling of the above exception, another exception occurred:

Traceback (most recent call last):
  File "C:\Users\PC-xi\Miniconda3\envs\dev_env\Lib\site-packages\django\template\base.py", line 896, in _resolve_lookup
    current = current[int(bit)]
                      ^^^^^^^^
ValueError: invalid literal for int() with base 10: 'login_form'

During handling of the above exception, another exception occurred:

Traceback (most recent call last):
  File "C:\Users\PC-xi\Miniconda3\envs\dev_env\Lib\site-packages\django\template\base.py", line 903, in _resolve_lookup
    raise VariableDoesNotExist(
django.template.base.VariableDoesNotExist: Failed lookup for key [login_form] in [{'True': True, 'False': False, 'None': None}, {'csrf_token': <SimpleLazyObject: <function csrf.<locals>._get_val at 0x000001FC3EB62340>>, 'request': <ASGIRequest: GET '/users/login/'>, 'user': <SimpleLazyObject: <function AuthenticationMiddleware.process_request.<locals>.<lambda> at 0x000001FC3EB620C0>>, 'perms': PermWrapper(<SimpleLazyObject: <function AuthenticationMiddleware.process_request.<locals>.<lambda> at 0x000001FC3EB620C0>>), 'messages': <FallbackStorage: request=<ASGIRequest: GET '/users/login/'>>, 'DEFAULT_MESSAGE_LEVELS': {'DEBUG': 10, 'INFO': 20, 'SUCCESS': 25, 'WARNING': 30, 'ERROR': 40}, 'MEDIA_URL': '/media/'}, {}, {'block': <Block Node: body. Contents: [<TextNode: '\n<section>\n    <div class'>, <URLNode view_name=''index'' args=[] kwargs={} as=None>, <TextNode: '"></a>\n                <h'>, <URLNode view_name=''index'' args=[] kwargs={} as=None>, <TextNode: '">回到首页</a>\n            </'>, StaticNode(varname=None, path=<FilterExpression "'images/mysql.jpg'">), <TextNode: '" /></a></li>\n           '>, StaticNode(varname=None, path=<FilterExpression "'images/mysql.jpg'">), <TextNode: '" /></a></li>\n           '>, StaticNode(varname=None, path=<FilterExpression "'images/mysql.jpg'">), <TextNode: '" /></a></li>\n           '>, <IfNode>, <TextNode: '\n                <form ac'>, <URLNode view_name=''users:login'' args=[] kwargs={} as=None>, <TextNode: '" method="post" autocompl'>, <IfNode>, <TextNode: '">\n                      '>, <TextNode: '\n                        '>, <IfNode>, <TextNode: '">\n                      '>, <TextNode: '\n                        '>, <IfNode>, <TextNode: '\n                    </di'>, <URLNode view_name=''users:forgetpwd'' args=[] kwargs={} as=None>, <TextNode: '">忘记密码？</a>\n             '>, <django.template.defaulttags.CsrfTokenNode object at 0x000001FC3EB79580>, <TextNode: '\n                </form>\n'>, <URLNode view_name=''users:register'' args=[] kwargs={} as=None>, <TextNode: '">[立即注册]</a></p>\n        '>]>}]
DEBUG 2026-01-23 17:23:46,645 base 17764 28192 Exception while resolving variable 'login_form' in template 'login.html'.
Traceback (most recent call last):
  File "C:\Users\PC-xi\Miniconda3\envs\dev_env\Lib\site-packages\django\template\base.py", line 880, in _resolve_lookup
    current = current[bit]
              ~~~~~~~^^^^^
  File "C:\Users\PC-xi\Miniconda3\envs\dev_env\Lib\site-packages\django\template\context.py", line 83, in __getitem__
    raise KeyError(key)
KeyError: 'login_form'

During handling of the above exception, another exception occurred:

Traceback (most recent call last):
  File "C:\Users\PC-xi\Miniconda3\envs\dev_env\Lib\site-packages\django\template\base.py", line 886, in _resolve_lookup
    if isinstance(current, BaseContext) and getattr(
                                            ^^^^^^^^
AttributeError: type object 'RequestContext' has no attribute 'login_form'

During handling of the above exception, another exception occurred:

Traceback (most recent call last):
  File "C:\Users\PC-xi\Miniconda3\envs\dev_env\Lib\site-packages\django\template\base.py", line 896, in _resolve_lookup
    current = current[int(bit)]
                      ^^^^^^^^
ValueError: invalid literal for int() with base 10: 'login_form'

During handling of the above exception, another exception occurred:

Traceback (most recent call last):
  File "C:\Users\PC-xi\Miniconda3\envs\dev_env\Lib\site-packages\django\template\base.py", line 903, in _resolve_lookup
    raise VariableDoesNotExist(
django.template.base.VariableDoesNotExist: Failed lookup for key [login_form] in [{'True': True, 'False': False, 'None': None}, {'csrf_token': <SimpleLazyObject: <function csrf.<locals>._get_val at 0x000001FC3EB62340>>, 'request': <ASGIRequest: GET '/users/login/'>, 'user': <SimpleLazyObject: <function AuthenticationMiddleware.process_request.<locals>.<lambda> at 0x000001FC3EB620C0>>, 'perms': PermWrapper(<SimpleLazyObject: <function AuthenticationMiddleware.process_request.<locals>.<lambda> at 0x000001FC3EB620C0>>), 'messages': <FallbackStorage: request=<ASGIRequest: GET '/users/login/'>>, 'DEFAULT_MESSAGE_LEVELS': {'DEBUG': 10, 'INFO': 20, 'SUCCESS': 25, 'WARNING': 30, 'ERROR': 40}, 'MEDIA_URL': '/media/'}, {}, {'block': <Block Node: body. Contents: [<TextNode: '\n<section>\n    <div class'>, <URLNode view_name=''index'' args=[] kwargs={} as=None>, <TextNode: '"></a>\n                <h'>, <URLNode view_name=''index'' args=[] kwargs={} as=None>, <TextNode: '">回到首页</a>\n            </'>, StaticNode(varname=None, path=<FilterExpression "'images/mysql.jpg'">), <TextNode: '" /></a></li>\n           '>, StaticNode(varname=None, path=<FilterExpression "'images/mysql.jpg'">), <TextNode: '" /></a></li>\n           '>, StaticNode(varname=None, path=<FilterExpression "'images/mysql.jpg'">), <TextNode: '" /></a></li>\n           '>, <IfNode>, <TextNode: '\n                <form ac'>, <URLNode view_name=''users:login'' args=[] kwargs={} as=None>, <TextNode: '" method="post" autocompl'>, <IfNode>, <TextNode: '">\n                      '>, <TextNode: '\n                        '>, <IfNode>, <TextNode: '">\n                      '>, <TextNode: '\n                        '>, <IfNode>, <TextNode: '\n                    </di'>, <URLNode view_name=''users:forgetpwd'' args=[] kwargs={} as=None>, <TextNode: '">忘记密码？</a>\n             '>, <django.template.defaulttags.CsrfTokenNode object at 0x000001FC3EB79580>, <TextNode: '\n                </form>\n'>, <URLNode view_name=''users:register'' args=[] kwargs={} as=None>, <TextNode: '">[立即注册]</a></p>\n        '>]>}]
DEBUG 2026-01-23 17:23:46,646 base 17764 28192 Exception while resolving variable 'msg' in template 'login.html'.
Traceback (most recent call last):
  File "C:\Users\PC-xi\Miniconda3\envs\dev_env\Lib\site-packages\django\template\base.py", line 880, in _resolve_lookup
    current = current[bit]
              ~~~~~~~^^^^^
  File "C:\Users\PC-xi\Miniconda3\envs\dev_env\Lib\site-packages\django\template\context.py", line 83, in __getitem__
    raise KeyError(key)
KeyError: 'msg'

During handling of the above exception, another exception occurred:

Traceback (most recent call last):
  File "C:\Users\PC-xi\Miniconda3\envs\dev_env\Lib\site-packages\django\template\base.py", line 886, in _resolve_lookup
    if isinstance(current, BaseContext) and getattr(
                                            ^^^^^^^^
AttributeError: type object 'RequestContext' has no attribute 'msg'

During handling of the above exception, another exception occurred:

Traceback (most recent call last):
  File "C:\Users\PC-xi\Miniconda3\envs\dev_env\Lib\site-packages\django\template\base.py", line 896, in _resolve_lookup
    current = current[int(bit)]
                      ^^^^^^^^
ValueError: invalid literal for int() with base 10: 'msg'

During handling of the above exception, another exception occurred:

Traceback (most recent call last):
  File "C:\Users\PC-xi\Miniconda3\envs\dev_env\Lib\site-packages\django\template\base.py", line 903, in _resolve_lookup
    raise VariableDoesNotExist(
django.template.base.VariableDoesNotExist: Failed lookup for key [msg] in [{'True': True, 'False': False, 'None': None}, {'csrf_token': <SimpleLazyObject: <function csrf.<locals>._get_val at 0x000001FC3EB62340>>, 'request': <ASGIRequest: GET '/users/login/'>, 'user': <SimpleLazyObject: <function AuthenticationMiddleware.process_request.<locals>.<lambda> at 0x000001FC3EB620C0>>, 'perms': PermWrapper(<SimpleLazyObject: <function AuthenticationMiddleware.process_request.<locals>.<lambda> at 0x000001FC3EB620C0>>), 'messages': <FallbackStorage: request=<ASGIRequest: GET '/users/login/'>>, 'DEFAULT_MESSAGE_LEVELS': {'DEBUG': 10, 'INFO': 20, 'SUCCESS': 25, 'WARNING': 30, 'ERROR': 40}, 'MEDIA_URL': '/media/'}, {}, {'block': <Block Node: body. Contents: [<TextNode: '\n<section>\n    <div class'>, <URLNode view_name=''index'' args=[] kwargs={} as=None>, <TextNode: '"></a>\n                <h'>, <URLNode view_name=''index'' args=[] kwargs={} as=None>, <TextNode: '">回到首页</a>\n            </'>, StaticNode(varname=None, path=<FilterExpression "'images/mysql.jpg'">), <TextNode: '" /></a></li>\n           '>, StaticNode(varname=None, path=<FilterExpression "'images/mysql.jpg'">), <TextNode: '" /></a></li>\n           '>, StaticNode(varname=None, path=<FilterExpression "'images/mysql.jpg'">), <TextNode: '" /></a></li>\n           '>, <IfNode>, <TextNode: '\n                <form ac'>, <URLNode view_name=''users:login'' args=[] kwargs={} as=None>, <TextNode: '" method="post" autocompl'>, <IfNode>, <TextNode: '">\n                      '>, <TextNode: '\n                        '>, <IfNode>, <TextNode: '">\n                      '>, <TextNode: '\n                        '>, <IfNode>, <TextNode: '\n                    </di'>, <URLNode view_name=''users:forgetpwd'' args=[] kwargs={} as=None>, <TextNode: '">忘记密码？</a>\n             '>, <django.template.defaulttags.CsrfTokenNode object at 0x000001FC3EB79580>, <TextNode: '\n                </form>\n'>, <URLNode view_name=''users:register'' args=[] kwargs={} as=None>, <TextNode: '">[立即注册]</a></p>\n        '>]>}]
DEBUG 2026-01-23 17:23:49,413 base 17764 18888 Exception while resolving variable 'pwdreset_msg' in template 'login.html'.
Traceback (most recent call last):
  File "C:\Users\PC-xi\Miniconda3\envs\dev_env\Lib\site-packages\django\template\base.py", line 880, in _resolve_lookup
    current = current[bit]
              ~~~~~~~^^^^^
  File "C:\Users\PC-xi\Miniconda3\envs\dev_env\Lib\site-packages\django\template\context.py", line 83, in __getitem__
    raise KeyError(key)
KeyError: 'pwdreset_msg'

During handling of the above exception, another exception occurred:

Traceback (most recent call last):
  File "C:\Users\PC-xi\Miniconda3\envs\dev_env\Lib\site-packages\django\template\base.py", line 886, in _resolve_lookup
    if isinstance(current, BaseContext) and getattr(
                                            ^^^^^^^^
AttributeError: type object 'RequestContext' has no attribute 'pwdreset_msg'

During handling of the above exception, another exception occurred:

Traceback (most recent call last):
  File "C:\Users\PC-xi\Miniconda3\envs\dev_env\Lib\site-packages\django\template\base.py", line 896, in _resolve_lookup
    current = current[int(bit)]
                      ^^^^^^^^
ValueError: invalid literal for int() with base 10: 'pwdreset_msg'

During handling of the above exception, another exception occurred:

Traceback (most recent call last):
  File "C:\Users\PC-xi\Miniconda3\envs\dev_env\Lib\site-packages\django\template\base.py", line 903, in _resolve_lookup
    raise VariableDoesNotExist(
django.template.base.VariableDoesNotExist: Failed lookup for key [pwdreset_msg] in [{'True': True, 'False': False, 'None': None}, {'csrf_token': <SimpleLazyObject: <function csrf.<locals>._get_val at 0x000001FC3EB62340>>, 'request': <ASGIRequest: GET '/users/login/'>, 'user': <SimpleLazyObject: <function AuthenticationMiddleware.process_request.<locals>.<lambda> at 0x000001FC3EB61EE0>>, 'perms': PermWrapper(<SimpleLazyObject: <function AuthenticationMiddleware.process_request.<locals>.<lambda> at 0x000001FC3EB61EE0>>), 'messages': <FallbackStorage: request=<ASGIRequest: GET '/users/login/'>>, 'DEFAULT_MESSAGE_LEVELS': {'DEBUG': 10, 'INFO': 20, 'SUCCESS': 25, 'WARNING': 30, 'ERROR': 40}, 'MEDIA_URL': '/media/'}, {}, {'block': <Block Node: body. Contents: [<TextNode: '\n<section>\n    <div class'>, <URLNode view_name=''index'' args=[] kwargs={} as=None>, <TextNode: '"></a>\n                <h'>, <URLNode view_name=''index'' args=[] kwargs={} as=None>, <TextNode: '">回到首页</a>\n            </'>, StaticNode(varname=None, path=<FilterExpression "'images/mysql.jpg'">), <TextNode: '" /></a></li>\n           '>, StaticNode(varname=None, path=<FilterExpression "'images/mysql.jpg'">), <TextNode: '" /></a></li>\n           '>, StaticNode(varname=None, path=<FilterExpression "'images/mysql.jpg'">), <TextNode: '" /></a></li>\n           '>, <IfNode>, <TextNode: '\n                <form ac'>, <URLNode view_name=''users:login'' args=[] kwargs={} as=None>, <TextNode: '" method="post" autocompl'>, <IfNode>, <TextNode: '">\n                      '>, <TextNode: '\n                        '>, <IfNode>, <TextNode: '">\n                      '>, <TextNode: '\n                        '>, <IfNode>, <TextNode: '\n                    </di'>, <URLNode view_name=''users:forgetpwd'' args=[] kwargs={} as=None>, <TextNode: '">忘记密码？</a>\n             '>, <django.template.defaulttags.CsrfTokenNode object at 0x000001FC3EB79580>, <TextNode: '\n                </form>\n'>, <URLNode view_name=''users:register'' args=[] kwargs={} as=None>, <TextNode: '">[立即注册]</a></p>\n        '>]>}]
DEBUG 2026-01-23 17:23:49,416 base 17764 18888 Exception while resolving variable 'login_form' in template 'login.html'.
Traceback (most recent call last):
  File "C:\Users\PC-xi\Miniconda3\envs\dev_env\Lib\site-packages\django\template\base.py", line 880, in _resolve_lookup
    current = current[bit]
              ~~~~~~~^^^^^
  File "C:\Users\PC-xi\Miniconda3\envs\dev_env\Lib\site-packages\django\template\context.py", line 83, in __getitem__
    raise KeyError(key)
KeyError: 'login_form'

During handling of the above exception, another exception occurred:

Traceback (most recent call last):
  File "C:\Users\PC-xi\Miniconda3\envs\dev_env\Lib\site-packages\django\template\base.py", line 886, in _resolve_lookup
    if isinstance(current, BaseContext) and getattr(
                                            ^^^^^^^^
AttributeError: type object 'RequestContext' has no attribute 'login_form'

During handling of the above exception, another exception occurred:

Traceback (most recent call last):
  File "C:\Users\PC-xi\Miniconda3\envs\dev_env\Lib\site-packages\django\template\base.py", line 896, in _resolve_lookup
    current = current[int(bit)]
                      ^^^^^^^^
ValueError: invalid literal for int() with base 10: 'login_form'

During handling of the above exception, another exception occurred:

Traceback (most recent call last):
  File "C:\Users\PC-xi\Miniconda3\envs\dev_env\Lib\site-packages\django\template\base.py", line 903, in _resolve_lookup
    raise VariableDoesNotExist(
django.template.base.VariableDoesNotExist: Failed lookup for key [login_form] in [{'True': True, 'False': False, 'None': None}, {'csrf_token': <SimpleLazyObject: <function csrf.<locals>._get_val at 0x000001FC3EB62340>>, 'request': <ASGIRequest: GET '/users/login/'>, 'user': <SimpleLazyObject: <function AuthenticationMiddleware.process_request.<locals>.<lambda> at 0x000001FC3EB61EE0>>, 'perms': PermWrapper(<SimpleLazyObject: <function AuthenticationMiddleware.process_request.<locals>.<lambda> at 0x000001FC3EB61EE0>>), 'messages': <FallbackStorage: request=<ASGIRequest: GET '/users/login/'>>, 'DEFAULT_MESSAGE_LEVELS': {'DEBUG': 10, 'INFO': 20, 'SUCCESS': 25, 'WARNING': 30, 'ERROR': 40}, 'MEDIA_URL': '/media/'}, {}, {'block': <Block Node: body. Contents: [<TextNode: '\n<section>\n    <div class'>, <URLNode view_name=''index'' args=[] kwargs={} as=None>, <TextNode: '"></a>\n                <h'>, <URLNode view_name=''index'' args=[] kwargs={} as=None>, <TextNode: '">回到首页</a>\n            </'>, StaticNode(varname=None, path=<FilterExpression "'images/mysql.jpg'">), <TextNode: '" /></a></li>\n           '>, StaticNode(varname=None, path=<FilterExpression "'images/mysql.jpg'">), <TextNode: '" /></a></li>\n           '>, StaticNode(varname=None, path=<FilterExpression "'images/mysql.jpg'">), <TextNode: '" /></a></li>\n           '>, <IfNode>, <TextNode: '\n                <form ac'>, <URLNode view_name=''users:login'' args=[] kwargs={} as=None>, <TextNode: '" method="post" autocompl'>, <IfNode>, <TextNode: '">\n                      '>, <TextNode: '\n                        '>, <IfNode>, <TextNode: '">\n                      '>, <TextNode: '\n                        '>, <IfNode>, <TextNode: '\n                    </di'>, <URLNode view_name=''users:forgetpwd'' args=[] kwargs={} as=None>, <TextNode: '">忘记密码？</a>\n             '>, <django.template.defaulttags.CsrfTokenNode object at 0x000001FC3EB79580>, <TextNode: '\n                </form>\n'>, <URLNode view_name=''users:register'' args=[] kwargs={} as=None>, <TextNode: '">[立即注册]</a></p>\n        '>]>}]
DEBUG 2026-01-23 17:23:49,417 base 17764 18888 Exception while resolving variable 'login_form' in template 'login.html'.
Traceback (most recent call last):
  File "C:\Users\PC-xi\Miniconda3\envs\dev_env\Lib\site-packages\django\template\base.py", line 880, in _resolve_lookup
    current = current[bit]
              ~~~~~~~^^^^^
  File "C:\Users\PC-xi\Miniconda3\envs\dev_env\Lib\site-packages\django\template\context.py", line 83, in __getitem__
    raise KeyError(key)
KeyError: 'login_form'

During handling of the above exception, another exception occurred:

Traceback (most recent call last):
  File "C:\Users\PC-xi\Miniconda3\envs\dev_env\Lib\site-packages\django\template\base.py", line 886, in _resolve_lookup
    if isinstance(current, BaseContext) and getattr(
                                            ^^^^^^^^
AttributeError: type object 'RequestContext' has no attribute 'login_form'

During handling of the above exception, another exception occurred:

Traceback (most recent call last):
  File "C:\Users\PC-xi\Miniconda3\envs\dev_env\Lib\site-packages\django\template\base.py", line 896, in _resolve_lookup
    current = current[int(bit)]
                      ^^^^^^^^
ValueError: invalid literal for int() with base 10: 'login_form'

During handling of the above exception, another exception occurred:

Traceback (most recent call last):
  File "C:\Users\PC-xi\Miniconda3\envs\dev_env\Lib\site-packages\django\template\base.py", line 903, in _resolve_lookup
    raise VariableDoesNotExist(
django.template.base.VariableDoesNotExist: Failed lookup for key [login_form] in [{'True': True, 'False': False, 'None': None}, {'csrf_token': <SimpleLazyObject: <function csrf.<locals>._get_val at 0x000001FC3EB62340>>, 'request': <ASGIRequest: GET '/users/login/'>, 'user': <SimpleLazyObject: <function AuthenticationMiddleware.process_request.<locals>.<lambda> at 0x000001FC3EB61EE0>>, 'perms': PermWrapper(<SimpleLazyObject: <function AuthenticationMiddleware.process_request.<locals>.<lambda> at 0x000001FC3EB61EE0>>), 'messages': <FallbackStorage: request=<ASGIRequest: GET '/users/login/'>>, 'DEFAULT_MESSAGE_LEVELS': {'DEBUG': 10, 'INFO': 20, 'SUCCESS': 25, 'WARNING': 30, 'ERROR': 40}, 'MEDIA_URL': '/media/'}, {}, {'block': <Block Node: body. Contents: [<TextNode: '\n<section>\n    <div class'>, <URLNode view_name=''index'' args=[] kwargs={} as=None>, <TextNode: '"></a>\n                <h'>, <URLNode view_name=''index'' args=[] kwargs={} as=None>, <TextNode: '">回到首页</a>\n            </'>, StaticNode(varname=None, path=<FilterExpression "'images/mysql.jpg'">), <TextNode: '" /></a></li>\n           '>, StaticNode(varname=None, path=<FilterExpression "'images/mysql.jpg'">), <TextNode: '" /></a></li>\n           '>, StaticNode(varname=None, path=<FilterExpression "'images/mysql.jpg'">), <TextNode: '" /></a></li>\n           '>, <IfNode>, <TextNode: '\n                <form ac'>, <URLNode view_name=''users:login'' args=[] kwargs={} as=None>, <TextNode: '" method="post" autocompl'>, <IfNode>, <TextNode: '">\n                      '>, <TextNode: '\n                        '>, <IfNode>, <TextNode: '">\n                      '>, <TextNode: '\n                        '>, <IfNode>, <TextNode: '\n                    </di'>, <URLNode view_name=''users:forgetpwd'' args=[] kwargs={} as=None>, <TextNode: '">忘记密码？</a>\n             '>, <django.template.defaulttags.CsrfTokenNode object at 0x000001FC3EB79580>, <TextNode: '\n                </form>\n'>, <URLNode view_name=''users:register'' args=[] kwargs={} as=None>, <TextNode: '">[立即注册]</a></p>\n        '>]>}]
DEBUG 2026-01-23 17:23:49,419 base 17764 18888 Exception while resolving variable 'login_form' in template 'login.html'.
Traceback (most recent call last):
  File "C:\Users\PC-xi\Miniconda3\envs\dev_env\Lib\site-packages\django\template\base.py", line 880, in _resolve_lookup
    current = current[bit]
              ~~~~~~~^^^^^
  File "C:\Users\PC-xi\Miniconda3\envs\dev_env\Lib\site-packages\django\template\context.py", line 83, in __getitem__
    raise KeyError(key)
KeyError: 'login_form'

During handling of the above exception, another exception occurred:

Traceback (most recent call last):
  File "C:\Users\PC-xi\Miniconda3\envs\dev_env\Lib\site-packages\django\template\base.py", line 886, in _resolve_lookup
    if isinstance(current, BaseContext) and getattr(
                                            ^^^^^^^^
AttributeError: type object 'RequestContext' has no attribute 'login_form'

During handling of the above exception, another exception occurred:

Traceback (most recent call last):
  File "C:\Users\PC-xi\Miniconda3\envs\dev_env\Lib\site-packages\django\template\base.py", line 896, in _resolve_lookup
    current = current[int(bit)]
                      ^^^^^^^^
ValueError: invalid literal for int() with base 10: 'login_form'

During handling of the above exception, another exception occurred:

Traceback (most recent call last):
  File "C:\Users\PC-xi\Miniconda3\envs\dev_env\Lib\site-packages\django\template\base.py", line 903, in _resolve_lookup
    raise VariableDoesNotExist(
django.template.base.VariableDoesNotExist: Failed lookup for key [login_form] in [{'True': True, 'False': False, 'None': None}, {'csrf_token': <SimpleLazyObject: <function csrf.<locals>._get_val at 0x000001FC3EB62340>>, 'request': <ASGIRequest: GET '/users/login/'>, 'user': <SimpleLazyObject: <function AuthenticationMiddleware.process_request.<locals>.<lambda> at 0x000001FC3EB61EE0>>, 'perms': PermWrapper(<SimpleLazyObject: <function AuthenticationMiddleware.process_request.<locals>.<lambda> at 0x000001FC3EB61EE0>>), 'messages': <FallbackStorage: request=<ASGIRequest: GET '/users/login/'>>, 'DEFAULT_MESSAGE_LEVELS': {'DEBUG': 10, 'INFO': 20, 'SUCCESS': 25, 'WARNING': 30, 'ERROR': 40}, 'MEDIA_URL': '/media/'}, {}, {'block': <Block Node: body. Contents: [<TextNode: '\n<section>\n    <div class'>, <URLNode view_name=''index'' args=[] kwargs={} as=None>, <TextNode: '"></a>\n                <h'>, <URLNode view_name=''index'' args=[] kwargs={} as=None>, <TextNode: '">回到首页</a>\n            </'>, StaticNode(varname=None, path=<FilterExpression "'images/mysql.jpg'">), <TextNode: '" /></a></li>\n           '>, StaticNode(varname=None, path=<FilterExpression "'images/mysql.jpg'">), <TextNode: '" /></a></li>\n           '>, StaticNode(varname=None, path=<FilterExpression "'images/mysql.jpg'">), <TextNode: '" /></a></li>\n           '>, <IfNode>, <TextNode: '\n                <form ac'>, <URLNode view_name=''users:login'' args=[] kwargs={} as=None>, <TextNode: '" method="post" autocompl'>, <IfNode>, <TextNode: '">\n                      '>, <TextNode: '\n                        '>, <IfNode>, <TextNode: '">\n                      '>, <TextNode: '\n                        '>, <IfNode>, <TextNode: '\n                    </di'>, <URLNode view_name=''users:forgetpwd'' args=[] kwargs={} as=None>, <TextNode: '">忘记密码？</a>\n             '>, <django.template.defaulttags.CsrfTokenNode object at 0x000001FC3EB79580>, <TextNode: '\n                </form>\n'>, <URLNode view_name=''users:register'' args=[] kwargs={} as=None>, <TextNode: '">[立即注册]</a></p>\n        '>]>}]
DEBUG 2026-01-23 17:23:49,421 base 17764 18888 Exception while resolving variable 'msg' in template 'login.html'.
Traceback (most recent call last):
  File "C:\Users\PC-xi\Miniconda3\envs\dev_env\Lib\site-packages\django\template\base.py", line 880, in _resolve_lookup
    current = current[bit]
              ~~~~~~~^^^^^
  File "C:\Users\PC-xi\Miniconda3\envs\dev_env\Lib\site-packages\django\template\context.py", line 83, in __getitem__
    raise KeyError(key)
KeyError: 'msg'

During handling of the above exception, another exception occurred:

Traceback (most recent call last):
  File "C:\Users\PC-xi\Miniconda3\envs\dev_env\Lib\site-packages\django\template\base.py", line 886, in _resolve_lookup
    if isinstance(current, BaseContext) and getattr(
                                            ^^^^^^^^
AttributeError: type object 'RequestContext' has no attribute 'msg'

During handling of the above exception, another exception occurred:

Traceback (most recent call last):
  File "C:\Users\PC-xi\Miniconda3\envs\dev_env\Lib\site-packages\django\template\base.py", line 896, in _resolve_lookup
    current = current[int(bit)]
                      ^^^^^^^^
ValueError: invalid literal for int() with base 10: 'msg'

During handling of the above exception, another exception occurred:

Traceback (most recent call last):
  File "C:\Users\PC-xi\Miniconda3\envs\dev_env\Lib\site-packages\django\template\base.py", line 903, in _resolve_lookup
    raise VariableDoesNotExist(
django.template.base.VariableDoesNotExist: Failed lookup for key [msg] in [{'True': True, 'False': False, 'None': None}, {'csrf_token': <SimpleLazyObject: <function csrf.<locals>._get_val at 0x000001FC3EB62340>>, 'request': <ASGIRequest: GET '/users/login/'>, 'user': <SimpleLazyObject: <function AuthenticationMiddleware.process_request.<locals>.<lambda> at 0x000001FC3EB61EE0>>, 'perms': PermWrapper(<SimpleLazyObject: <function AuthenticationMiddleware.process_request.<locals>.<lambda> at 0x000001FC3EB61EE0>>), 'messages': <FallbackStorage: request=<ASGIRequest: GET '/users/login/'>>, 'DEFAULT_MESSAGE_LEVELS': {'DEBUG': 10, 'INFO': 20, 'SUCCESS': 25, 'WARNING': 30, 'ERROR': 40}, 'MEDIA_URL': '/media/'}, {}, {'block': <Block Node: body. Contents: [<TextNode: '\n<section>\n    <div class'>, <URLNode view_name=''index'' args=[] kwargs={} as=None>, <TextNode: '"></a>\n                <h'>, <URLNode view_name=''index'' args=[] kwargs={} as=None>, <TextNode: '">回到首页</a>\n            </'>, StaticNode(varname=None, path=<FilterExpression "'images/mysql.jpg'">), <TextNode: '" /></a></li>\n           '>, StaticNode(varname=None, path=<FilterExpression "'images/mysql.jpg'">), <TextNode: '" /></a></li>\n           '>, StaticNode(varname=None, path=<FilterExpression "'images/mysql.jpg'">), <TextNode: '" /></a></li>\n           '>, <IfNode>, <TextNode: '\n                <form ac'>, <URLNode view_name=''users:login'' args=[] kwargs={} as=None>, <TextNode: '" method="post" autocompl'>, <IfNode>, <TextNode: '">\n                      '>, <TextNode: '\n                        '>, <IfNode>, <TextNode: '">\n                      '>, <TextNode: '\n                        '>, <IfNode>, <TextNode: '\n                    </di'>, <URLNode view_name=''users:forgetpwd'' args=[] kwargs={} as=None>, <TextNode: '">忘记密码？</a>\n             '>, <django.template.defaulttags.CsrfTokenNode object at 0x000001FC3EB79580>, <TextNode: '\n                </form>\n'>, <URLNode view_name=''users:register'' args=[] kwargs={} as=None>, <TextNode: '">[立即注册]</a></p>\n        '>]>}]
DEBUG 2026-01-23 17:23:50,088 base 17764 28320 Exception while resolving variable 'pwdreset_msg' in template 'login.html'.
Traceback (most recent call last):
  File "C:\Users\PC-xi\Miniconda3\envs\dev_env\Lib\site-packages\django\template\base.py", line 880, in _resolve_lookup
    current = current[bit]
              ~~~~~~~^^^^^
  File "C:\Users\PC-xi\Miniconda3\envs\dev_env\Lib\site-packages\django\template\context.py", line 83, in __getitem__
    raise KeyError(key)
KeyError: 'pwdreset_msg'

During handling of the above exception, another exception occurred:

Traceback (most recent call last):
  File "C:\Users\PC-xi\Miniconda3\envs\dev_env\Lib\site-packages\django\template\base.py", line 886, in _resolve_lookup
    if isinstance(current, BaseContext) and getattr(
                                            ^^^^^^^^
AttributeError: type object 'RequestContext' has no attribute 'pwdreset_msg'

During handling of the above exception, another exception occurred:

Traceback (most recent call last):
  File "C:\Users\PC-xi\Miniconda3\envs\dev_env\Lib\site-packages\django\template\base.py", line 896, in _resolve_lookup
    current = current[int(bit)]
                      ^^^^^^^^
ValueError: invalid literal for int() with base 10: 'pwdreset_msg'

During handling of the above exception, another exception occurred:

Traceback (most recent call last):
  File "C:\Users\PC-xi\Miniconda3\envs\dev_env\Lib\site-packages\django\template\base.py", line 903, in _resolve_lookup
    raise VariableDoesNotExist(
django.template.base.VariableDoesNotExist: Failed lookup for key [pwdreset_msg] in [{'True': True, 'False': False, 'None': None}, {'csrf_token': <SimpleLazyObject: <function csrf.<locals>._get_val at 0x000001FC3EB62660>>, 'request': <ASGIRequest: GET '/users/login/'>, 'user': <SimpleLazyObject: <function AuthenticationMiddleware.process_request.<locals>.<lambda> at 0x000001FC3EB625C0>>, 'perms': PermWrapper(<SimpleLazyObject: <function AuthenticationMiddleware.process_request.<locals>.<lambda> at 0x000001FC3EB625C0>>), 'messages': <FallbackStorage: request=<ASGIRequest: GET '/users/login/'>>, 'DEFAULT_MESSAGE_LEVELS': {'DEBUG': 10, 'INFO': 20, 'SUCCESS': 25, 'WARNING': 30, 'ERROR': 40}, 'MEDIA_URL': '/media/'}, {}, {'block': <Block Node: body. Contents: [<TextNode: '\n<section>\n    <div class'>, <URLNode view_name=''index'' args=[] kwargs={} as=None>, <TextNode: '"></a>\n                <h'>, <URLNode view_name=''index'' args=[] kwargs={} as=None>, <TextNode: '">回到首页</a>\n            </'>, StaticNode(varname=None, path=<FilterExpression "'images/mysql.jpg'">), <TextNode: '" /></a></li>\n           '>, StaticNode(varname=None, path=<FilterExpression "'images/mysql.jpg'">), <TextNode: '" /></a></li>\n           '>, StaticNode(varname=None, path=<FilterExpression "'images/mysql.jpg'">), <TextNode: '" /></a></li>\n           '>, <IfNode>, <TextNode: '\n                <form ac'>, <URLNode view_name=''users:login'' args=[] kwargs={} as=None>, <TextNode: '" method="post" autocompl'>, <IfNode>, <TextNode: '">\n                      '>, <TextNode: '\n                        '>, <IfNode>, <TextNode: '">\n                      '>, <TextNode: '\n                        '>, <IfNode>, <TextNode: '\n                    </di'>, <URLNode view_name=''users:forgetpwd'' args=[] kwargs={} as=None>, <TextNode: '">忘记密码？</a>\n             '>, <django.template.defaulttags.CsrfTokenNode object at 0x000001FC3EB79580>, <TextNode: '\n                </form>\n'>, <URLNode view_name=''users:register'' args=[] kwargs={} as=None>, <TextNode: '">[立即注册]</a></p>\n        '>]>}]
DEBUG 2026-01-23 17:23:50,090 base 17764 28320 Exception while resolving variable 'login_form' in template 'login.html'.
Traceback (most recent call last):
  File "C:\Users\PC-xi\Miniconda3\envs\dev_env\Lib\site-packages\django\template\base.py", line 880, in _resolve_lookup
    current = current[bit]
              ~~~~~~~^^^^^
  File "C:\Users\PC-xi\Miniconda3\envs\dev_env\Lib\site-packages\django\template\context.py", line 83, in __getitem__
    raise KeyError(key)
KeyError: 'login_form'

During handling of the above exception, another exception occurred:

Traceback (most recent call last):
  File "C:\Users\PC-xi\Miniconda3\envs\dev_env\Lib\site-packages\django\template\base.py", line 886, in _resolve_lookup
    if isinstance(current, BaseContext) and getattr(
                                            ^^^^^^^^
AttributeError: type object 'RequestContext' has no attribute 'login_form'

During handling of the above exception, another exception occurred:

Traceback (most recent call last):
  File "C:\Users\PC-xi\Miniconda3\envs\dev_env\Lib\site-packages\django\template\base.py", line 896, in _resolve_lookup
    current = current[int(bit)]
                      ^^^^^^^^
ValueError: invalid literal for int() with base 10: 'login_form'

During handling of the above exception, another exception occurred:

Traceback (most recent call last):
  File "C:\Users\PC-xi\Miniconda3\envs\dev_env\Lib\site-packages\django\template\base.py", line 903, in _resolve_lookup
    raise VariableDoesNotExist(
django.template.base.VariableDoesNotExist: Failed lookup for key [login_form] in [{'True': True, 'False': False, 'None': None}, {'csrf_token': <SimpleLazyObject: <function csrf.<locals>._get_val at 0x000001FC3EB62660>>, 'request': <ASGIRequest: GET '/users/login/'>, 'user': <SimpleLazyObject: <function AuthenticationMiddleware.process_request.<locals>.<lambda> at 0x000001FC3EB625C0>>, 'perms': PermWrapper(<SimpleLazyObject: <function AuthenticationMiddleware.process_request.<locals>.<lambda> at 0x000001FC3EB625C0>>), 'messages': <FallbackStorage: request=<ASGIRequest: GET '/users/login/'>>, 'DEFAULT_MESSAGE_LEVELS': {'DEBUG': 10, 'INFO': 20, 'SUCCESS': 25, 'WARNING': 30, 'ERROR': 40}, 'MEDIA_URL': '/media/'}, {}, {'block': <Block Node: body. Contents: [<TextNode: '\n<section>\n    <div class'>, <URLNode view_name=''index'' args=[] kwargs={} as=None>, <TextNode: '"></a>\n                <h'>, <URLNode view_name=''index'' args=[] kwargs={} as=None>, <TextNode: '">回到首页</a>\n            </'>, StaticNode(varname=None, path=<FilterExpression "'images/mysql.jpg'">), <TextNode: '" /></a></li>\n           '>, StaticNode(varname=None, path=<FilterExpression "'images/mysql.jpg'">), <TextNode: '" /></a></li>\n           '>, StaticNode(varname=None, path=<FilterExpression "'images/mysql.jpg'">), <TextNode: '" /></a></li>\n           '>, <IfNode>, <TextNode: '\n                <form ac'>, <URLNode view_name=''users:login'' args=[] kwargs={} as=None>, <TextNode: '" method="post" autocompl'>, <IfNode>, <TextNode: '">\n                      '>, <TextNode: '\n                        '>, <IfNode>, <TextNode: '">\n                      '>, <TextNode: '\n                        '>, <IfNode>, <TextNode: '\n                    </di'>, <URLNode view_name=''users:forgetpwd'' args=[] kwargs={} as=None>, <TextNode: '">忘记密码？</a>\n             '>, <django.template.defaulttags.CsrfTokenNode object at 0x000001FC3EB79580>, <TextNode: '\n                </form>\n'>, <URLNode view_name=''users:register'' args=[] kwargs={} as=None>, <TextNode: '">[立即注册]</a></p>\n        '>]>}]
DEBUG 2026-01-23 17:23:50,092 base 17764 28320 Exception while resolving variable 'login_form' in template 'login.html'.
Traceback (most recent call last):
  File "C:\Users\PC-xi\Miniconda3\envs\dev_env\Lib\site-packages\django\template\base.py", line 880, in _resolve_lookup
    current = current[bit]
              ~~~~~~~^^^^^
  File "C:\Users\PC-xi\Miniconda3\envs\dev_env\Lib\site-packages\django\template\context.py", line 83, in __getitem__
    raise KeyError(key)
KeyError: 'login_form'

During handling of the above exception, another exception occurred:

Traceback (most recent call last):
  File "C:\Users\PC-xi\Miniconda3\envs\dev_env\Lib\site-packages\django\template\base.py", line 886, in _resolve_lookup
    if isinstance(current, BaseContext) and getattr(
                                            ^^^^^^^^
AttributeError: type object 'RequestContext' has no attribute 'login_form'

During handling of the above exception, another exception occurred:

Traceback (most recent call last):
  File "C:\Users\PC-xi\Miniconda3\envs\dev_env\Lib\site-packages\django\template\base.py", line 896, in _resolve_lookup
    current = current[int(bit)]
                      ^^^^^^^^
ValueError: invalid literal for int() with base 10: 'login_form'

During handling of the above exception, another exception occurred:

Traceback (most recent call last):
  File "C:\Users\PC-xi\Miniconda3\envs\dev_env\Lib\site-packages\django\template\base.py", line 903, in _resolve_lookup
    raise VariableDoesNotExist(
django.template.base.VariableDoesNotExist: Failed lookup for key [login_form] in [{'True': True, 'False': False, 'None': None}, {'csrf_token': <SimpleLazyObject: <function csrf.<locals>._get_val at 0x000001FC3EB62660>>, 'request': <ASGIRequest: GET '/users/login/'>, 'user': <SimpleLazyObject: <function AuthenticationMiddleware.process_request.<locals>.<lambda> at 0x000001FC3EB625C0>>, 'perms': PermWrapper(<SimpleLazyObject: <function AuthenticationMiddleware.process_request.<locals>.<lambda> at 0x000001FC3EB625C0>>), 'messages': <FallbackStorage: request=<ASGIRequest: GET '/users/login/'>>, 'DEFAULT_MESSAGE_LEVELS': {'DEBUG': 10, 'INFO': 20, 'SUCCESS': 25, 'WARNING': 30, 'ERROR': 40}, 'MEDIA_URL': '/media/'}, {}, {'block': <Block Node: body. Contents: [<TextNode: '\n<section>\n    <div class'>, <URLNode view_name=''index'' args=[] kwargs={} as=None>, <TextNode: '"></a>\n                <h'>, <URLNode view_name=''index'' args=[] kwargs={} as=None>, <TextNode: '">回到首页</a>\n            </'>, StaticNode(varname=None, path=<FilterExpression "'images/mysql.jpg'">), <TextNode: '" /></a></li>\n           '>, StaticNode(varname=None, path=<FilterExpression "'images/mysql.jpg'">), <TextNode: '" /></a></li>\n           '>, StaticNode(varname=None, path=<FilterExpression "'images/mysql.jpg'">), <TextNode: '" /></a></li>\n           '>, <IfNode>, <TextNode: '\n                <form ac'>, <URLNode view_name=''users:login'' args=[] kwargs={} as=None>, <TextNode: '" method="post" autocompl'>, <IfNode>, <TextNode: '">\n                      '>, <TextNode: '\n                        '>, <IfNode>, <TextNode: '">\n                      '>, <TextNode: '\n                        '>, <IfNode>, <TextNode: '\n                    </di'>, <URLNode view_name=''users:forgetpwd'' args=[] kwargs={} as=None>, <TextNode: '">忘记密码？</a>\n             '>, <django.template.defaulttags.CsrfTokenNode object at 0x000001FC3EB79580>, <TextNode: '\n                </form>\n'>, <URLNode view_name=''users:register'' args=[] kwargs={} as=None>, <TextNode: '">[立即注册]</a></p>\n        '>]>}]
DEBUG 2026-01-23 17:23:50,094 base 17764 28320 Exception while resolving variable 'login_form' in template 'login.html'.
Traceback (most recent call last):
  File "C:\Users\PC-xi\Miniconda3\envs\dev_env\Lib\site-packages\django\template\base.py", line 880, in _resolve_lookup
    current = current[bit]
              ~~~~~~~^^^^^
  File "C:\Users\PC-xi\Miniconda3\envs\dev_env\Lib\site-packages\django\template\context.py", line 83, in __getitem__
    raise KeyError(key)
KeyError: 'login_form'

During handling of the above exception, another exception occurred:

Traceback (most recent call last):
  File "C:\Users\PC-xi\Miniconda3\envs\dev_env\Lib\site-packages\django\template\base.py", line 886, in _resolve_lookup
    if isinstance(current, BaseContext) and getattr(
                                            ^^^^^^^^
AttributeError: type object 'RequestContext' has no attribute 'login_form'

During handling of the above exception, another exception occurred:

Traceback (most recent call last):
  File "C:\Users\PC-xi\Miniconda3\envs\dev_env\Lib\site-packages\django\template\base.py", line 896, in _resolve_lookup
    current = current[int(bit)]
                      ^^^^^^^^
ValueError: invalid literal for int() with base 10: 'login_form'

During handling of the above exception, another exception occurred:

Traceback (most recent call last):
  File "C:\Users\PC-xi\Miniconda3\envs\dev_env\Lib\site-packages\django\template\base.py", line 903, in _resolve_lookup
    raise VariableDoesNotExist(
django.template.base.VariableDoesNotExist: Failed lookup for key [login_form] in [{'True': True, 'False': False, 'None': None}, {'csrf_token': <SimpleLazyObject: <function csrf.<locals>._get_val at 0x000001FC3EB62660>>, 'request': <ASGIRequest: GET '/users/login/'>, 'user': <SimpleLazyObject: <function AuthenticationMiddleware.process_request.<locals>.<lambda> at 0x000001FC3EB625C0>>, 'perms': PermWrapper(<SimpleLazyObject: <function AuthenticationMiddleware.process_request.<locals>.<lambda> at 0x000001FC3EB625C0>>), 'messages': <FallbackStorage: request=<ASGIRequest: GET '/users/login/'>>, 'DEFAULT_MESSAGE_LEVELS': {'DEBUG': 10, 'INFO': 20, 'SUCCESS': 25, 'WARNING': 30, 'ERROR': 40}, 'MEDIA_URL': '/media/'}, {}, {'block': <Block Node: body. Contents: [<TextNode: '\n<section>\n    <div class'>, <URLNode view_name=''index'' args=[] kwargs={} as=None>, <TextNode: '"></a>\n                <h'>, <URLNode view_name=''index'' args=[] kwargs={} as=None>, <TextNode: '">回到首页</a>\n            </'>, StaticNode(varname=None, path=<FilterExpression "'images/mysql.jpg'">), <TextNode: '" /></a></li>\n           '>, StaticNode(varname=None, path=<FilterExpression "'images/mysql.jpg'">), <TextNode: '" /></a></li>\n           '>, StaticNode(varname=None, path=<FilterExpression "'images/mysql.jpg'">), <TextNode: '" /></a></li>\n           '>, <IfNode>, <TextNode: '\n                <form ac'>, <URLNode view_name=''users:login'' args=[] kwargs={} as=None>, <TextNode: '" method="post" autocompl'>, <IfNode>, <TextNode: '">\n                      '>, <TextNode: '\n                        '>, <IfNode>, <TextNode: '">\n                      '>, <TextNode: '\n                        '>, <IfNode>, <TextNode: '\n                    </di'>, <URLNode view_name=''users:forgetpwd'' args=[] kwargs={} as=None>, <TextNode: '">忘记密码？</a>\n             '>, <django.template.defaulttags.CsrfTokenNode object at 0x000001FC3EB79580>, <TextNode: '\n                </form>\n'>, <URLNode view_name=''users:register'' args=[] kwargs={} as=None>, <TextNode: '">[立即注册]</a></p>\n        '>]>}]
DEBUG 2026-01-23 17:23:50,095 base 17764 28320 Exception while resolving variable 'msg' in template 'login.html'.
Traceback (most recent call last):
  File "C:\Users\PC-xi\Miniconda3\envs\dev_env\Lib\site-packages\django\template\base.py", line 880, in _resolve_lookup
    current = current[bit]
              ~~~~~~~^^^^^
  File "C:\Users\PC-xi\Miniconda3\envs\dev_env\Lib\site-packages\django\template\context.py", line 83, in __getitem__
    raise KeyError(key)
KeyError: 'msg'

During handling of the above exception, another exception occurred:

Traceback (most recent call last):
  File "C:\Users\PC-xi\Miniconda3\envs\dev_env\Lib\site-packages\django\template\base.py", line 886, in _resolve_lookup
    if isinstance(current, BaseContext) and getattr(
                                            ^^^^^^^^
AttributeError: type object 'RequestContext' has no attribute 'msg'

During handling of the above exception, another exception occurred:

Traceback (most recent call last):
  File "C:\Users\PC-xi\Miniconda3\envs\dev_env\Lib\site-packages\django\template\base.py", line 896, in _resolve_lookup
    current = current[int(bit)]
                      ^^^^^^^^
ValueError: invalid literal for int() with base 10: 'msg'

During handling of the above exception, another exception occurred:

Traceback (most recent call last):
  File "C:\Users\PC-xi\Miniconda3\envs\dev_env\Lib\site-packages\django\template\base.py", line 903, in _resolve_lookup
    raise VariableDoesNotExist(
django.template.base.VariableDoesNotExist: Failed lookup for key [msg] in [{'True': True, 'False': False, 'None': None}, {'csrf_token': <SimpleLazyObject: <function csrf.<locals>._get_val at 0x000001FC3EB62660>>, 'request': <ASGIRequest: GET '/users/login/'>, 'user': <SimpleLazyObject: <function AuthenticationMiddleware.process_request.<locals>.<lambda> at 0x000001FC3EB625C0>>, 'perms': PermWrapper(<SimpleLazyObject: <function AuthenticationMiddleware.process_request.<locals>.<lambda> at 0x000001FC3EB625C0>>), 'messages': <FallbackStorage: request=<ASGIRequest: GET '/users/login/'>>, 'DEFAULT_MESSAGE_LEVELS': {'DEBUG': 10, 'INFO': 20, 'SUCCESS': 25, 'WARNING': 30, 'ERROR': 40}, 'MEDIA_URL': '/media/'}, {}, {'block': <Block Node: body. Contents: [<TextNode: '\n<section>\n    <div class'>, <URLNode view_name=''index'' args=[] kwargs={} as=None>, <TextNode: '"></a>\n                <h'>, <URLNode view_name=''index'' args=[] kwargs={} as=None>, <TextNode: '">回到首页</a>\n            </'>, StaticNode(varname=None, path=<FilterExpression "'images/mysql.jpg'">), <TextNode: '" /></a></li>\n           '>, StaticNode(varname=None, path=<FilterExpression "'images/mysql.jpg'">), <TextNode: '" /></a></li>\n           '>, StaticNode(varname=None, path=<FilterExpression "'images/mysql.jpg'">), <TextNode: '" /></a></li>\n           '>, <IfNode>, <TextNode: '\n                <form ac'>, <URLNode view_name=''users:login'' args=[] kwargs={} as=None>, <TextNode: '" method="post" autocompl'>, <IfNode>, <TextNode: '">\n                      '>, <TextNode: '\n                        '>, <IfNode>, <TextNode: '">\n                      '>, <TextNode: '\n                        '>, <IfNode>, <TextNode: '\n                    </di'>, <URLNode view_name=''users:forgetpwd'' args=[] kwargs={} as=None>, <TextNode: '">忘记密码？</a>\n             '>, <django.template.defaulttags.CsrfTokenNode object at 0x000001FC3EB79580>, <TextNode: '\n                </form>\n'>, <URLNode view_name=''users:register'' args=[] kwargs={} as=None>, <TextNode: '">[立即注册]</a></p>\n        '>]>}]
DEBUG 2026-01-23 17:24:15,239 base 23244 28448 Asynchronous handler adapted for middleware whitenoise.middleware.WhiteNoiseMiddleware.
DEBUG 2026-01-23 17:24:20,495 base 23244 18888 Exception while resolving variable 'keywords' in template 'index.html'.
Traceback (most recent call last):
  File "C:\Users\PC-xi\Miniconda3\envs\dev_env\Lib\site-packages\django\utils\datastructures.py", line 84, in __getitem__
    list_ = super().__getitem__(key)
            ^^^^^^^^^^^^^^^^^^^^^^^^
KeyError: 'keywords'

During handling of the above exception, another exception occurred:

Traceback (most recent call last):
  File "C:\Users\PC-xi\Miniconda3\envs\dev_env\Lib\site-packages\django\template\base.py", line 880, in _resolve_lookup
    current = current[bit]
              ~~~~~~~^^^^^
  File "C:\Users\PC-xi\Miniconda3\envs\dev_env\Lib\site-packages\django\utils\datastructures.py", line 86, in __getitem__
    raise MultiValueDictKeyError(key)
django.utils.datastructures.MultiValueDictKeyError: 'keywords'

During handling of the above exception, another exception occurred:

Traceback (most recent call last):
  File "C:\Users\PC-xi\Miniconda3\envs\dev_env\Lib\site-packages\django\template\base.py", line 890, in _resolve_lookup
    current = getattr(current, bit)
              ^^^^^^^^^^^^^^^^^^^^^
AttributeError: 'QueryDict' object has no attribute 'keywords'

During handling of the above exception, another exception occurred:

Traceback (most recent call last):
  File "C:\Users\PC-xi\Miniconda3\envs\dev_env\Lib\site-packages\django\template\base.py", line 896, in _resolve_lookup
    current = current[int(bit)]
                      ^^^^^^^^
ValueError: invalid literal for int() with base 10: 'keywords'

During handling of the above exception, another exception occurred:

Traceback (most recent call last):
  File "C:\Users\PC-xi\Miniconda3\envs\dev_env\Lib\site-packages\django\template\base.py", line 903, in _resolve_lookup
    raise VariableDoesNotExist(
django.template.base.VariableDoesNotExist: Failed lookup for key [keywords] in <QueryDict: {}>
DEBUG 2026-01-23 17:24:20,548 utils 23244 18888 (0.000) SELECT "users_banner"."id", "users_banner"."image", "users_banner"."banner_url", "users_banner"."order", "users_banner"."add_time" FROM "users_banner" ORDER BY "users_banner"."order" DESC LIMIT 3; args=(); alias=default
DEBUG 2026-01-23 17:24:20,551 utils 23244 18888 (0.000) SELECT "courses_courseinfo"."id", "courses_courseinfo"."course_org_id", "courses_courseinfo"."teacher_id", "courses_courseinfo"."name", "courses_courseinfo"."image", "courses_courseinfo"."desc", "courses_courseinfo"."degree", "courses_courseinfo"."students", "courses_courseinfo"."learn_time", "courses_courseinfo"."category", "courses_courseinfo"."fav_nums", "courses_courseinfo"."click_nums", "courses_courseinfo"."detail", "courses_courseinfo"."is_banner", "courses_courseinfo"."before_know", "courses_courseinfo"."teacher_tell", "courses_courseinfo"."add_time", "courses_courseinfo"."notice" FROM "courses_courseinfo" WHERE "courses_courseinfo"."is_banner" ORDER BY "courses_courseinfo"."click_nums" DESC LIMIT 3; args=(); alias=default
DEBUG 2026-01-23 17:24:20,552 utils 23244 18888 (0.000) SELECT "courses_courseinfo"."id", "courses_courseinfo"."course_org_id", "courses_courseinfo"."teacher_id", "courses_courseinfo"."name", "courses_courseinfo"."image", "courses_courseinfo"."desc", "courses_courseinfo"."degree", "courses_courseinfo"."students", "courses_courseinfo"."learn_time", "courses_courseinfo"."category", "courses_courseinfo"."fav_nums", "courses_courseinfo"."click_nums", "courses_courseinfo"."detail", "courses_courseinfo"."is_banner", "courses_courseinfo"."before_know", "courses_courseinfo"."teacher_tell", "courses_courseinfo"."add_time", "courses_courseinfo"."notice" FROM "courses_courseinfo" ORDER BY "courses_courseinfo"."click_nums" DESC LIMIT 6; args=(); alias=default
DEBUG 2026-01-23 17:24:20,554 utils 23244 18888 (0.000) SELECT "organizations_organizationinfo"."id", "organizations_organizationinfo"."category", "organizations_organizationinfo"."city_id", "organizations_organizationinfo"."name", "organizations_organizationinfo"."image", "organizations_organizationinfo"."students", "organizations_organizationinfo"."address", "organizations_organizationinfo"."desc", "organizations_organizationinfo"."add_time", "organizations_organizationinfo"."is_authentication", "organizations_organizationinfo"."is_gold", "organizations_organizationinfo"."course_nums", "organizations_organizationinfo"."tag", "organizations_organizationinfo"."click_nums", "organizations_organizationinfo"."fav_nums" FROM "organizations_organizationinfo" ORDER BY "organizations_organizationinfo"."course_nums" DESC LIMIT 15; args=(); alias=default
DEBUG 2026-01-23 17:24:23,102 base 23244 17708 Exception while resolving variable 'pwdreset_msg' in template 'login.html'.
Traceback (most recent call last):
  File "C:\Users\PC-xi\Miniconda3\envs\dev_env\Lib\site-packages\django\template\base.py", line 880, in _resolve_lookup
    current = current[bit]
              ~~~~~~~^^^^^
  File "C:\Users\PC-xi\Miniconda3\envs\dev_env\Lib\site-packages\django\template\context.py", line 83, in __getitem__
    raise KeyError(key)
KeyError: 'pwdreset_msg'

During handling of the above exception, another exception occurred:

Traceback (most recent call last):
  File "C:\Users\PC-xi\Miniconda3\envs\dev_env\Lib\site-packages\django\template\base.py", line 886, in _resolve_lookup
    if isinstance(current, BaseContext) and getattr(
                                            ^^^^^^^^
AttributeError: type object 'RequestContext' has no attribute 'pwdreset_msg'

During handling of the above exception, another exception occurred:

Traceback (most recent call last):
  File "C:\Users\PC-xi\Miniconda3\envs\dev_env\Lib\site-packages\django\template\base.py", line 896, in _resolve_lookup
    current = current[int(bit)]
                      ^^^^^^^^
ValueError: invalid literal for int() with base 10: 'pwdreset_msg'

During handling of the above exception, another exception occurred:

Traceback (most recent call last):
  File "C:\Users\PC-xi\Miniconda3\envs\dev_env\Lib\site-packages\django\template\base.py", line 903, in _resolve_lookup
    raise VariableDoesNotExist(
django.template.base.VariableDoesNotExist: Failed lookup for key [pwdreset_msg] in [{'True': True, 'False': False, 'None': None}, {'csrf_token': <SimpleLazyObject: <function csrf.<locals>._get_val at 0x000002074C92E200>>, 'request': <ASGIRequest: GET '/users/login/'>, 'user': <SimpleLazyObject: <function AuthenticationMiddleware.process_request.<locals>.<lambda> at 0x000002074C92E0C0>>, 'perms': PermWrapper(<SimpleLazyObject: <function AuthenticationMiddleware.process_request.<locals>.<lambda> at 0x000002074C92E0C0>>), 'messages': <FallbackStorage: request=<ASGIRequest: GET '/users/login/'>>, 'DEFAULT_MESSAGE_LEVELS': {'DEBUG': 10, 'INFO': 20, 'SUCCESS': 25, 'WARNING': 30, 'ERROR': 40}, 'MEDIA_URL': '/media/'}, {}, {'block': <Block Node: body. Contents: [<TextNode: '\n<section>\n    <div class'>, <URLNode view_name=''index'' args=[] kwargs={} as=None>, <TextNode: '"></a>\n                <h'>, <URLNode view_name=''index'' args=[] kwargs={} as=None>, <TextNode: '">回到首页</a>\n            </'>, StaticNode(varname=None, path=<FilterExpression "'images/mysql.jpg'">), <TextNode: '" /></a></li>\n           '>, StaticNode(varname=None, path=<FilterExpression "'images/mysql.jpg'">), <TextNode: '" /></a></li>\n           '>, StaticNode(varname=None, path=<FilterExpression "'images/mysql.jpg'">), <TextNode: '" /></a></li>\n           '>, <IfNode>, <TextNode: '\n                <form ac'>, <URLNode view_name=''users:login'' args=[] kwargs={} as=None>, <TextNode: '" method="post" autocompl'>, <IfNode>, <TextNode: '">\n                      '>, <TextNode: '\n                        '>, <IfNode>, <TextNode: '">\n                      '>, <TextNode: '\n                        '>, <IfNode>, <TextNode: '\n                    </di'>, <URLNode view_name=''users:forgetpwd'' args=[] kwargs={} as=None>, <TextNode: '">忘记密码？</a>\n             '>, <django.template.defaulttags.CsrfTokenNode object at 0x000002074C927C50>, <TextNode: '\n                </form>\n'>, <URLNode view_name=''users:register'' args=[] kwargs={} as=None>, <TextNode: '">[立即注册]</a></p>\n        '>]>}]
DEBUG 2026-01-23 17:24:23,105 base 23244 17708 Exception while resolving variable 'login_form' in template 'login.html'.
Traceback (most recent call last):
  File "C:\Users\PC-xi\Miniconda3\envs\dev_env\Lib\site-packages\django\template\base.py", line 880, in _resolve_lookup
    current = current[bit]
              ~~~~~~~^^^^^
  File "C:\Users\PC-xi\Miniconda3\envs\dev_env\Lib\site-packages\django\template\context.py", line 83, in __getitem__
    raise KeyError(key)
KeyError: 'login_form'

During handling of the above exception, another exception occurred:

Traceback (most recent call last):
  File "C:\Users\PC-xi\Miniconda3\envs\dev_env\Lib\site-packages\django\template\base.py", line 886, in _resolve_lookup
    if isinstance(current, BaseContext) and getattr(
                                            ^^^^^^^^
AttributeError: type object 'RequestContext' has no attribute 'login_form'

During handling of the above exception, another exception occurred:

Traceback (most recent call last):
  File "C:\Users\PC-xi\Miniconda3\envs\dev_env\Lib\site-packages\django\template\base.py", line 896, in _resolve_lookup
    current = current[int(bit)]
                      ^^^^^^^^
ValueError: invalid literal for int() with base 10: 'login_form'

During handling of the above exception, another exception occurred:

Traceback (most recent call last):
  File "C:\Users\PC-xi\Miniconda3\envs\dev_env\Lib\site-packages\django\template\base.py", line 903, in _resolve_lookup
    raise VariableDoesNotExist(
django.template.base.VariableDoesNotExist: Failed lookup for key [login_form] in [{'True': True, 'False': False, 'None': None}, {'csrf_token': <SimpleLazyObject: <function csrf.<locals>._get_val at 0x000002074C92E200>>, 'request': <ASGIRequest: GET '/users/login/'>, 'user': <SimpleLazyObject: <function AuthenticationMiddleware.process_request.<locals>.<lambda> at 0x000002074C92E0C0>>, 'perms': PermWrapper(<SimpleLazyObject: <function AuthenticationMiddleware.process_request.<locals>.<lambda> at 0x000002074C92E0C0>>), 'messages': <FallbackStorage: request=<ASGIRequest: GET '/users/login/'>>, 'DEFAULT_MESSAGE_LEVELS': {'DEBUG': 10, 'INFO': 20, 'SUCCESS': 25, 'WARNING': 30, 'ERROR': 40}, 'MEDIA_URL': '/media/'}, {}, {'block': <Block Node: body. Contents: [<TextNode: '\n<section>\n    <div class'>, <URLNode view_name=''index'' args=[] kwargs={} as=None>, <TextNode: '"></a>\n                <h'>, <URLNode view_name=''index'' args=[] kwargs={} as=None>, <TextNode: '">回到首页</a>\n            </'>, StaticNode(varname=None, path=<FilterExpression "'images/mysql.jpg'">), <TextNode: '" /></a></li>\n           '>, StaticNode(varname=None, path=<FilterExpression "'images/mysql.jpg'">), <TextNode: '" /></a></li>\n           '>, StaticNode(varname=None, path=<FilterExpression "'images/mysql.jpg'">), <TextNode: '" /></a></li>\n           '>, <IfNode>, <TextNode: '\n                <form ac'>, <URLNode view_name=''users:login'' args=[] kwargs={} as=None>, <TextNode: '" method="post" autocompl'>, <IfNode>, <TextNode: '">\n                      '>, <TextNode: '\n                        '>, <IfNode>, <TextNode: '">\n                      '>, <TextNode: '\n                        '>, <IfNode>, <TextNode: '\n                    </di'>, <URLNode view_name=''users:forgetpwd'' args=[] kwargs={} as=None>, <TextNode: '">忘记密码？</a>\n             '>, <django.template.defaulttags.CsrfTokenNode object at 0x000002074C927C50>, <TextNode: '\n                </form>\n'>, <URLNode view_name=''users:register'' args=[] kwargs={} as=None>, <TextNode: '">[立即注册]</a></p>\n        '>]>}]
DEBUG 2026-01-23 17:24:23,107 base 23244 17708 Exception while resolving variable 'login_form' in template 'login.html'.
Traceback (most recent call last):
  File "C:\Users\PC-xi\Miniconda3\envs\dev_env\Lib\site-packages\django\template\base.py", line 880, in _resolve_lookup
    current = current[bit]
              ~~~~~~~^^^^^
  File "C:\Users\PC-xi\Miniconda3\envs\dev_env\Lib\site-packages\django\template\context.py", line 83, in __getitem__
    raise KeyError(key)
KeyError: 'login_form'

During handling of the above exception, another exception occurred:

Traceback (most recent call last):
  File "C:\Users\PC-xi\Miniconda3\envs\dev_env\Lib\site-packages\django\template\base.py", line 886, in _resolve_lookup
    if isinstance(current, BaseContext) and getattr(
                                            ^^^^^^^^
AttributeError: type object 'RequestContext' has no attribute 'login_form'

During handling of the above exception, another exception occurred:

Traceback (most recent call last):
  File "C:\Users\PC-xi\Miniconda3\envs\dev_env\Lib\site-packages\django\template\base.py", line 896, in _resolve_lookup
    current = current[int(bit)]
                      ^^^^^^^^
ValueError: invalid literal for int() with base 10: 'login_form'

During handling of the above exception, another exception occurred:

Traceback (most recent call last):
  File "C:\Users\PC-xi\Miniconda3\envs\dev_env\Lib\site-packages\django\template\base.py", line 903, in _resolve_lookup
    raise VariableDoesNotExist(
django.template.base.VariableDoesNotExist: Failed lookup for key [login_form] in [{'True': True, 'False': False, 'None': None}, {'csrf_token': <SimpleLazyObject: <function csrf.<locals>._get_val at 0x000002074C92E200>>, 'request': <ASGIRequest: GET '/users/login/'>, 'user': <SimpleLazyObject: <function AuthenticationMiddleware.process_request.<locals>.<lambda> at 0x000002074C92E0C0>>, 'perms': PermWrapper(<SimpleLazyObject: <function AuthenticationMiddleware.process_request.<locals>.<lambda> at 0x000002074C92E0C0>>), 'messages': <FallbackStorage: request=<ASGIRequest: GET '/users/login/'>>, 'DEFAULT_MESSAGE_LEVELS': {'DEBUG': 10, 'INFO': 20, 'SUCCESS': 25, 'WARNING': 30, 'ERROR': 40}, 'MEDIA_URL': '/media/'}, {}, {'block': <Block Node: body. Contents: [<TextNode: '\n<section>\n    <div class'>, <URLNode view_name=''index'' args=[] kwargs={} as=None>, <TextNode: '"></a>\n                <h'>, <URLNode view_name=''index'' args=[] kwargs={} as=None>, <TextNode: '">回到首页</a>\n            </'>, StaticNode(varname=None, path=<FilterExpression "'images/mysql.jpg'">), <TextNode: '" /></a></li>\n           '>, StaticNode(varname=None, path=<FilterExpression "'images/mysql.jpg'">), <TextNode: '" /></a></li>\n           '>, StaticNode(varname=None, path=<FilterExpression "'images/mysql.jpg'">), <TextNode: '" /></a></li>\n           '>, <IfNode>, <TextNode: '\n                <form ac'>, <URLNode view_name=''users:login'' args=[] kwargs={} as=None>, <TextNode: '" method="post" autocompl'>, <IfNode>, <TextNode: '">\n                      '>, <TextNode: '\n                        '>, <IfNode>, <TextNode: '">\n                      '>, <TextNode: '\n                        '>, <IfNode>, <TextNode: '\n                    </di'>, <URLNode view_name=''users:forgetpwd'' args=[] kwargs={} as=None>, <TextNode: '">忘记密码？</a>\n             '>, <django.template.defaulttags.CsrfTokenNode object at 0x000002074C927C50>, <TextNode: '\n                </form>\n'>, <URLNode view_name=''users:register'' args=[] kwargs={} as=None>, <TextNode: '">[立即注册]</a></p>\n        '>]>}]
DEBUG 2026-01-23 17:24:23,109 base 23244 17708 Exception while resolving variable 'login_form' in template 'login.html'.
Traceback (most recent call last):
  File "C:\Users\PC-xi\Miniconda3\envs\dev_env\Lib\site-packages\django\template\base.py", line 880, in _resolve_lookup
    current = current[bit]
              ~~~~~~~^^^^^
  File "C:\Users\PC-xi\Miniconda3\envs\dev_env\Lib\site-packages\django\template\context.py", line 83, in __getitem__
    raise KeyError(key)
KeyError: 'login_form'

During handling of the above exception, another exception occurred:

Traceback (most recent call last):
  File "C:\Users\PC-xi\Miniconda3\envs\dev_env\Lib\site-packages\django\template\base.py", line 886, in _resolve_lookup
    if isinstance(current, BaseContext) and getattr(
                                            ^^^^^^^^
AttributeError: type object 'RequestContext' has no attribute 'login_form'

During handling of the above exception, another exception occurred:

Traceback (most recent call last):
  File "C:\Users\PC-xi\Miniconda3\envs\dev_env\Lib\site-packages\django\template\base.py", line 896, in _resolve_lookup
    current = current[int(bit)]
                      ^^^^^^^^
ValueError: invalid literal for int() with base 10: 'login_form'

During handling of the above exception, another exception occurred:

Traceback (most recent call last):
  File "C:\Users\PC-xi\Miniconda3\envs\dev_env\Lib\site-packages\django\template\base.py", line 903, in _resolve_lookup
    raise VariableDoesNotExist(
django.template.base.VariableDoesNotExist: Failed lookup for key [login_form] in [{'True': True, 'False': False, 'None': None}, {'csrf_token': <SimpleLazyObject: <function csrf.<locals>._get_val at 0x000002074C92E200>>, 'request': <ASGIRequest: GET '/users/login/'>, 'user': <SimpleLazyObject: <function AuthenticationMiddleware.process_request.<locals>.<lambda> at 0x000002074C92E0C0>>, 'perms': PermWrapper(<SimpleLazyObject: <function AuthenticationMiddleware.process_request.<locals>.<lambda> at 0x000002074C92E0C0>>), 'messages': <FallbackStorage: request=<ASGIRequest: GET '/users/login/'>>, 'DEFAULT_MESSAGE_LEVELS': {'DEBUG': 10, 'INFO': 20, 'SUCCESS': 25, 'WARNING': 30, 'ERROR': 40}, 'MEDIA_URL': '/media/'}, {}, {'block': <Block Node: body. Contents: [<TextNode: '\n<section>\n    <div class'>, <URLNode view_name=''index'' args=[] kwargs={} as=None>, <TextNode: '"></a>\n                <h'>, <URLNode view_name=''index'' args=[] kwargs={} as=None>, <TextNode: '">回到首页</a>\n            </'>, StaticNode(varname=None, path=<FilterExpression "'images/mysql.jpg'">), <TextNode: '" /></a></li>\n           '>, StaticNode(varname=None, path=<FilterExpression "'images/mysql.jpg'">), <TextNode: '" /></a></li>\n           '>, StaticNode(varname=None, path=<FilterExpression "'images/mysql.jpg'">), <TextNode: '" /></a></li>\n           '>, <IfNode>, <TextNode: '\n                <form ac'>, <URLNode view_name=''users:login'' args=[] kwargs={} as=None>, <TextNode: '" method="post" autocompl'>, <IfNode>, <TextNode: '">\n                      '>, <TextNode: '\n                        '>, <IfNode>, <TextNode: '">\n                      '>, <TextNode: '\n                        '>, <IfNode>, <TextNode: '\n                    </di'>, <URLNode view_name=''users:forgetpwd'' args=[] kwargs={} as=None>, <TextNode: '">忘记密码？</a>\n             '>, <django.template.defaulttags.CsrfTokenNode object at 0x000002074C927C50>, <TextNode: '\n                </form>\n'>, <URLNode view_name=''users:register'' args=[] kwargs={} as=None>, <TextNode: '">[立即注册]</a></p>\n        '>]>}]
DEBUG 2026-01-23 17:24:23,111 base 23244 17708 Exception while resolving variable 'msg' in template 'login.html'.
Traceback (most recent call last):
  File "C:\Users\PC-xi\Miniconda3\envs\dev_env\Lib\site-packages\django\template\base.py", line 880, in _resolve_lookup
    current = current[bit]
              ~~~~~~~^^^^^
  File "C:\Users\PC-xi\Miniconda3\envs\dev_env\Lib\site-packages\django\template\context.py", line 83, in __getitem__
    raise KeyError(key)
KeyError: 'msg'

During handling of the above exception, another exception occurred:

Traceback (most recent call last):
  File "C:\Users\PC-xi\Miniconda3\envs\dev_env\Lib\site-packages\django\template\base.py", line 886, in _resolve_lookup
    if isinstance(current, BaseContext) and getattr(
                                            ^^^^^^^^
AttributeError: type object 'RequestContext' has no attribute 'msg'

During handling of the above exception, another exception occurred:

Traceback (most recent call last):
  File "C:\Users\PC-xi\Miniconda3\envs\dev_env\Lib\site-packages\django\template\base.py", line 896, in _resolve_lookup
    current = current[int(bit)]
                      ^^^^^^^^
ValueError: invalid literal for int() with base 10: 'msg'

During handling of the above exception, another exception occurred:

Traceback (most recent call last):
  File "C:\Users\PC-xi\Miniconda3\envs\dev_env\Lib\site-packages\django\template\base.py", line 903, in _resolve_lookup
    raise VariableDoesNotExist(
django.template.base.VariableDoesNotExist: Failed lookup for key [msg] in [{'True': True, 'False': False, 'None': None}, {'csrf_token': <SimpleLazyObject: <function csrf.<locals>._get_val at 0x000002074C92E200>>, 'request': <ASGIRequest: GET '/users/login/'>, 'user': <SimpleLazyObject: <function AuthenticationMiddleware.process_request.<locals>.<lambda> at 0x000002074C92E0C0>>, 'perms': PermWrapper(<SimpleLazyObject: <function AuthenticationMiddleware.process_request.<locals>.<lambda> at 0x000002074C92E0C0>>), 'messages': <FallbackStorage: request=<ASGIRequest: GET '/users/login/'>>, 'DEFAULT_MESSAGE_LEVELS': {'DEBUG': 10, 'INFO': 20, 'SUCCESS': 25, 'WARNING': 30, 'ERROR': 40}, 'MEDIA_URL': '/media/'}, {}, {'block': <Block Node: body. Contents: [<TextNode: '\n<section>\n    <div class'>, <URLNode view_name=''index'' args=[] kwargs={} as=None>, <TextNode: '"></a>\n                <h'>, <URLNode view_name=''index'' args=[] kwargs={} as=None>, <TextNode: '">回到首页</a>\n            </'>, StaticNode(varname=None, path=<FilterExpression "'images/mysql.jpg'">), <TextNode: '" /></a></li>\n           '>, StaticNode(varname=None, path=<FilterExpression "'images/mysql.jpg'">), <TextNode: '" /></a></li>\n           '>, StaticNode(varname=None, path=<FilterExpression "'images/mysql.jpg'">), <TextNode: '" /></a></li>\n           '>, <IfNode>, <TextNode: '\n                <form ac'>, <URLNode view_name=''users:login'' args=[] kwargs={} as=None>, <TextNode: '" method="post" autocompl'>, <IfNode>, <TextNode: '">\n                      '>, <TextNode: '\n                        '>, <IfNode>, <TextNode: '">\n                      '>, <TextNode: '\n                        '>, <IfNode>, <TextNode: '\n                    </di'>, <URLNode view_name=''users:forgetpwd'' args=[] kwargs={} as=None>, <TextNode: '">忘记密码？</a>\n             '>, <django.template.defaulttags.CsrfTokenNode object at 0x000002074C927C50>, <TextNode: '\n                </form>\n'>, <URLNode view_name=''users:register'' args=[] kwargs={} as=None>, <TextNode: '">[立即注册]</a></p>\n        '>]>}]
DEBUG 2026-01-23 17:25:57,935 base 23244 13072 Exception while resolving variable 'keywords' in template 'index.html'.
Traceback (most recent call last):
  File "C:\Users\PC-xi\Miniconda3\envs\dev_env\Lib\site-packages\django\utils\datastructures.py", line 84, in __getitem__
    list_ = super().__getitem__(key)
            ^^^^^^^^^^^^^^^^^^^^^^^^
KeyError: 'keywords'

During handling of the above exception, another exception occurred:

Traceback (most recent call last):
  File "C:\Users\PC-xi\Miniconda3\envs\dev_env\Lib\site-packages\django\template\base.py", line 880, in _resolve_lookup
    current = current[bit]
              ~~~~~~~^^^^^
  File "C:\Users\PC-xi\Miniconda3\envs\dev_env\Lib\site-packages\django\utils\datastructures.py", line 86, in __getitem__
    raise MultiValueDictKeyError(key)
django.utils.datastructures.MultiValueDictKeyError: 'keywords'

During handling of the above exception, another exception occurred:

Traceback (most recent call last):
  File "C:\Users\PC-xi\Miniconda3\envs\dev_env\Lib\site-packages\django\template\base.py", line 890, in _resolve_lookup
    current = getattr(current, bit)
              ^^^^^^^^^^^^^^^^^^^^^
AttributeError: 'QueryDict' object has no attribute 'keywords'

During handling of the above exception, another exception occurred:

Traceback (most recent call last):
  File "C:\Users\PC-xi\Miniconda3\envs\dev_env\Lib\site-packages\django\template\base.py", line 896, in _resolve_lookup
    current = current[int(bit)]
                      ^^^^^^^^
ValueError: invalid literal for int() with base 10: 'keywords'

During handling of the above exception, another exception occurred:

Traceback (most recent call last):
  File "C:\Users\PC-xi\Miniconda3\envs\dev_env\Lib\site-packages\django\template\base.py", line 903, in _resolve_lookup
    raise VariableDoesNotExist(
django.template.base.VariableDoesNotExist: Failed lookup for key [keywords] in <QueryDict: {}>
DEBUG 2026-01-23 17:25:57,993 utils 23244 13072 (0.016) SELECT "users_banner"."id", "users_banner"."image", "users_banner"."banner_url", "users_banner"."order", "users_banner"."add_time" FROM "users_banner" ORDER BY "users_banner"."order" DESC LIMIT 3; args=(); alias=default
DEBUG 2026-01-23 17:25:57,995 utils 23244 13072 (0.000) SELECT "courses_courseinfo"."id", "courses_courseinfo"."course_org_id", "courses_courseinfo"."teacher_id", "courses_courseinfo"."name", "courses_courseinfo"."image", "courses_courseinfo"."desc", "courses_courseinfo"."degree", "courses_courseinfo"."students", "courses_courseinfo"."learn_time", "courses_courseinfo"."category", "courses_courseinfo"."fav_nums", "courses_courseinfo"."click_nums", "courses_courseinfo"."detail", "courses_courseinfo"."is_banner", "courses_courseinfo"."before_know", "courses_courseinfo"."teacher_tell", "courses_courseinfo"."add_time", "courses_courseinfo"."notice" FROM "courses_courseinfo" WHERE "courses_courseinfo"."is_banner" ORDER BY "courses_courseinfo"."click_nums" DESC LIMIT 3; args=(); alias=default
DEBUG 2026-01-23 17:25:57,996 utils 23244 13072 (0.000) SELECT "courses_courseinfo"."id", "courses_courseinfo"."course_org_id", "courses_courseinfo"."teacher_id", "courses_courseinfo"."name", "courses_courseinfo"."image", "courses_courseinfo"."desc", "courses_courseinfo"."degree", "courses_courseinfo"."students", "courses_courseinfo"."learn_time", "courses_courseinfo"."category", "courses_courseinfo"."fav_nums", "courses_courseinfo"."click_nums", "courses_courseinfo"."detail", "courses_courseinfo"."is_banner", "courses_courseinfo"."before_know", "courses_courseinfo"."teacher_tell", "courses_courseinfo"."add_time", "courses_courseinfo"."notice" FROM "courses_courseinfo" ORDER BY "courses_courseinfo"."click_nums" DESC LIMIT 6; args=(); alias=default
DEBUG 2026-01-23 17:25:57,998 utils 23244 13072 (0.000) SELECT "organizations_organizationinfo"."id", "organizations_organizationinfo"."category", "organizations_organizationinfo"."city_id", "organizations_organizationinfo"."name", "organizations_organizationinfo"."image", "organizations_organizationinfo"."students", "organizations_organizationinfo"."address", "organizations_organizationinfo"."desc", "organizations_organizationinfo"."add_time", "organizations_organizationinfo"."is_authentication", "organizations_organizationinfo"."is_gold", "organizations_organizationinfo"."course_nums", "organizations_organizationinfo"."tag", "organizations_organizationinfo"."click_nums", "organizations_organizationinfo"."fav_nums" FROM "organizations_organizationinfo" ORDER BY "organizations_organizationinfo"."course_nums" DESC LIMIT 15; args=(); alias=default
